{
  "stats": {
    "suites": 1,
    "tests": 1,
    "passes": 0,
    "pending": 0,
    "failures": 1,
    "start": "2018-01-05T09:10:49.915Z",
    "end": "2018-01-05T09:10:51.618Z",
    "duration": 1703,
    "testsRegistered": 1,
    "passPercent": 0,
    "pendingPercent": 0,
    "other": 0,
    "hasOther": false,
    "skipped": 0,
    "hasSkipped": false,
    "passPercentClass": "danger",
    "pendingPercentClass": "danger"
  },
  "suites": {
    "uuid": "5d7ccd29-e900-492f-8551-104a85736960",
    "title": "",
    "fullFile": "",
    "file": "",
    "beforeHooks": [],
    "afterHooks": [],
    "tests": [],
    "suites": [
      {
        "uuid": "1cf8baea-199e-4809-bb5c-a00d0aaaa32b",
        "title": "test replace function",
        "fullFile": "E:\\Github\\fung\\test\\replace.test.js",
        "file": "\\test\\replace.test.js",
        "beforeHooks": [],
        "afterHooks": [],
        "tests": [
          {
            "title": "test speed",
            "fullTitle": "test replace function test speed",
            "timedOut": false,
            "duration": 1647,
            "state": "failed",
            "pass": false,
            "fail": true,
            "pending": false,
            "code": "let template = `<div>\n                <span class=\"icon\">ddd</span>\n               </div>`;\ntemplate += '<div>{{apple}}</div>'.repeat(10000);\ntemplate += `<div>\n                <span class=\"icon\">sss</span>\n               </div>`;\nreplace(template, config);",
            "err": {
              "message": "RangeError: Maximum call stack size exceeded",
              "estack": "RangeError: Maximum call stack size exceeded\n    at search (lib\\boyer-moore.js:43:27)\n    at search (lib\\boyer-moore.js:117:17)\n    at search (lib\\boyer-moore.js:117:17)\n    at search (lib\\boyer-moore.js:117:17)\n    at search (lib\\boyer-moore.js:117:17)\n    at search (lib\\boyer-moore.js:117:17)\n    at search (lib\\boyer-moore.js:117:17)\n    at search (lib\\boyer-moore.js:117:17)\n    at search (lib\\boyer-moore.js:117:17)\n    at search (lib\\boyer-moore.js:117:17)\n    at search (lib\\boyer-moore.js:117:17)\n    at search (lib\\boyer-moore.js:117:17)\n    at search (lib\\boyer-moore.js:117:17)\n    at search (lib\\boyer-moore.js:117:17)\n    at search (lib\\boyer-moore.js:117:17)\n    at search (lib\\boyer-moore.js:117:17)\n    at search (lib\\boyer-moore.js:117:17)\n    at search (lib\\boyer-moore.js:117:17)\n    at search (lib\\boyer-moore.js:117:17)\n    at search (lib\\boyer-moore.js:117:17)\n    at search (lib\\boyer-moore.js:117:17)\n    at search (lib\\boyer-moore.js:117:17)\n    at search (lib\\boyer-moore.js:117:17)\n    at search (lib\\boyer-moore.js:117:17)\n    at search (lib\\boyer-moore.js:117:17)\n    at search (lib\\boyer-moore.js:117:17)\n    at search (lib\\boyer-moore.js:117:17)\n    at search (lib\\boyer-moore.js:117:17)\n    at search (lib\\boyer-moore.js:117:17)\n    at search (lib\\boyer-moore.js:117:17)\n    at search (lib\\boyer-moore.js:117:17)\n    at search (lib\\boyer-moore.js:117:17)\n    at search (lib\\boyer-moore.js:117:17)\n    at search (lib\\boyer-moore.js:117:17)\n    at search (lib\\boyer-moore.js:117:17)\n    at search (lib\\boyer-moore.js:117:17)\n    at search (lib\\boyer-moore.js:117:17)\n    at search (lib\\boyer-moore.js:117:17)\n    at search (lib\\boyer-moore.js:117:17)\n    at search (lib\\boyer-moore.js:117:17)\n    at search (lib\\boyer-moore.js:117:17)\n    at search (lib\\boyer-moore.js:117:17)\n    at search (lib\\boyer-moore.js:117:17)\n    at search (lib\\boyer-moore.js:117:17)\n    at search (lib\\boyer-moore.js:117:17)\n    at search (lib\\boyer-moore.js:117:17)\n    at search (lib\\boyer-moore.js:117:17)\n    at search (lib\\boyer-moore.js:117:17)\n    at search (lib\\boyer-moore.js:117:17)\n    at search (lib\\boyer-moore.js:117:17)\n    at search (lib\\boyer-moore.js:117:17)\n    at search (lib\\boyer-moore.js:117:17)\n    at search (lib\\boyer-moore.js:117:17)\n    at search (lib\\boyer-moore.js:117:17)\n    at search (lib\\boyer-moore.js:117:17)\n    at search (lib\\boyer-moore.js:117:17)\n    at search (lib\\boyer-moore.js:117:17)\n    at search (lib\\boyer-moore.js:117:17)\n    at search (lib\\boyer-moore.js:117:17)\n    at search (lib\\boyer-moore.js:117:17)\n    at search (lib\\boyer-moore.js:117:17)\n    at search (lib\\boyer-moore.js:117:17)\n    at search (lib\\boyer-moore.js:117:17)\n    at search (lib\\boyer-moore.js:117:17)\n    at search (lib\\boyer-moore.js:117:17)\n    at search (lib\\boyer-moore.js:117:17)\n    at search (lib\\boyer-moore.js:117:17)\n    at search (lib\\boyer-moore.js:117:17)\n    at search (lib\\boyer-moore.js:117:17)\n    at search (lib\\boyer-moore.js:117:17)\n    at search (lib\\boyer-moore.js:117:17)\n    at search (lib\\boyer-moore.js:117:17)\n    at search (lib\\boyer-moore.js:117:17)\n    at search (lib\\boyer-moore.js:117:17)\n    at search (lib\\boyer-moore.js:117:17)\n    at search (lib\\boyer-moore.js:117:17)\n    at search (lib\\boyer-moore.js:117:17)\n    at search (lib\\boyer-moore.js:117:17)\n    at search (lib\\boyer-moore.js:117:17)\n    at search (lib\\boyer-moore.js:117:17)\n    at search (lib\\boyer-moore.js:117:17)\n    at search (lib\\boyer-moore.js:117:17)\n    at search (lib\\boyer-moore.js:117:17)\n    at search (lib\\boyer-moore.js:117:17)\n    at search (lib\\boyer-moore.js:117:17)\n    at search (lib\\boyer-moore.js:117:17)\n    at search (lib\\boyer-moore.js:117:17)\n    at search (lib\\boyer-moore.js:117:17)\n    at search (lib\\boyer-moore.js:117:17)\n    at search (lib\\boyer-moore.js:117:17)\n    at search (lib\\boyer-moore.js:117:17)\n    at search (lib\\boyer-moore.js:117:17)\n    at search (lib\\boyer-moore.js:117:17)\n    at search (lib\\boyer-moore.js:117:17)\n    at search (lib\\boyer-moore.js:117:17)\n    at search (lib\\boyer-moore.js:117:17)\n    at search (lib\\boyer-moore.js:117:17)\n    at search (lib\\boyer-moore.js:117:17)\n    at search (lib\\boyer-moore.js:117:17)\n    at search (lib\\boyer-moore.js:117:17)\n    at search (lib\\boyer-moore.js:117:17)\n    at search (lib\\boyer-moore.js:117:17)\n    at search (lib\\boyer-moore.js:117:17)\n    at search (lib\\boyer-moore.js:117:17)\n    at search (lib\\boyer-moore.js:117:17)\n    at search (lib\\boyer-moore.js:117:17)\n    at search (lib\\boyer-moore.js:117:17)\n    at search (lib\\boyer-moore.js:117:17)\n    at search (lib\\boyer-moore.js:117:17)\n    at search (lib\\boyer-moore.js:117:17)\n    at search (lib\\boyer-moore.js:117:17)\n    at search (lib\\boyer-moore.js:117:17)\n    at search (lib\\boyer-moore.js:117:17)\n    at search (lib\\boyer-moore.js:117:17)\n    at search (lib\\boyer-moore.js:117:17)\n    at search (lib\\boyer-moore.js:117:17)\n    at search (lib\\boyer-moore.js:117:17)\n    at search (lib\\boyer-moore.js:117:17)\n    at search (lib\\boyer-moore.js:117:17)\n    at search (lib\\boyer-moore.js:117:17)\n    at search (lib\\boyer-moore.js:117:17)\n    at search (lib\\boyer-moore.js:117:17)\n    at search (lib\\boyer-moore.js:117:17)\n    at search (lib\\boyer-moore.js:117:17)\n    at search (lib\\boyer-moore.js:117:17)\n    at search (lib\\boyer-moore.js:117:17)\n    at search (lib\\boyer-moore.js:117:17)\n    at search (lib\\boyer-moore.js:117:17)\n    at search (lib\\boyer-moore.js:117:17)\n    at search (lib\\boyer-moore.js:117:17)\n    at search (lib\\boyer-moore.js:117:17)\n    at search (lib\\boyer-moore.js:117:17)\n    at search (lib\\boyer-moore.js:117:17)\n    at search (lib\\boyer-moore.js:117:17)\n    at search (lib\\boyer-moore.js:117:17)\n    at search (lib\\boyer-moore.js:117:17)\n    at search (lib\\boyer-moore.js:117:17)\n    at search (lib\\boyer-moore.js:117:17)\n    at search (lib\\boyer-moore.js:117:17)\n    at search (lib\\boyer-moore.js:117:17)\n    at search (lib\\boyer-moore.js:117:17)\n    at search (lib\\boyer-moore.js:117:17)\n    at search (lib\\boyer-moore.js:117:17)\n    at search (lib\\boyer-moore.js:117:17)\n    at search (lib\\boyer-moore.js:117:17)\n    at search (lib\\boyer-moore.js:117:17)\n    at search (lib\\boyer-moore.js:117:17)\n    at search (lib\\boyer-moore.js:117:17)\n    at search (lib\\boyer-moore.js:117:17)\n    at search (lib\\boyer-moore.js:117:17)\n    at search (lib\\boyer-moore.js:117:17)\n    at search (lib\\boyer-moore.js:117:17)\n    at search (lib\\boyer-moore.js:117:17)\n    at search (lib\\boyer-moore.js:117:17)\n    at search (lib\\boyer-moore.js:117:17)\n    at search (lib\\boyer-moore.js:117:17)\n    at search (lib\\boyer-moore.js:117:17)\n    at search (lib\\boyer-moore.js:117:17)\n    at search (lib\\boyer-moore.js:117:17)\n    at search (lib\\boyer-moore.js:117:17)\n    at search (lib\\boyer-moore.js:117:17)\n    at search (lib\\boyer-moore.js:117:17)\n    at search (lib\\boyer-moore.js:117:17)\n    at search (lib\\boyer-moore.js:117:17)\n    at search (lib\\boyer-moore.js:117:17)\n    at search (lib\\boyer-moore.js:117:17)\n    at search (lib\\boyer-moore.js:117:17)\n    at search (lib\\boyer-moore.js:117:17)\n    at search (lib\\boyer-moore.js:117:17)\n    at search (lib\\boyer-moore.js:117:17)\n    at search (lib\\boyer-moore.js:117:17)\n    at search (lib\\boyer-moore.js:117:17)\n    at search (lib\\boyer-moore.js:117:17)\n    at search (lib\\boyer-moore.js:117:17)\n    at search (lib\\boyer-moore.js:117:17)\n    at search (lib\\boyer-moore.js:117:17)\n    at search (lib\\boyer-moore.js:117:17)\n    at search (lib\\boyer-moore.js:117:17)\n    at search (lib\\boyer-moore.js:117:17)\n    at search (lib\\boyer-moore.js:117:17)\n    at search (lib\\boyer-moore.js:117:17)\n    at search (lib\\boyer-moore.js:117:17)\n    at search (lib\\boyer-moore.js:117:17)\n    at search (lib\\boyer-moore.js:117:17)\n    at search (lib\\boyer-moore.js:117:17)\n    at search (lib\\boyer-moore.js:117:17)\n    at search (lib\\boyer-moore.js:117:17)\n    at search (lib\\boyer-moore.js:117:17)\n    at search (lib\\boyer-moore.js:117:17)\n    at search (lib\\boyer-moore.js:117:17)\n    at search (lib\\boyer-moore.js:117:17)\n    at search (lib\\boyer-moore.js:117:17)\n    at search (lib\\boyer-moore.js:117:17)\n    at search (lib\\boyer-moore.js:117:17)\n    at search (lib\\boyer-moore.js:117:17)\n    at search (lib\\boyer-moore.js:117:17)\n    at search (lib\\boyer-moore.js:117:17)\n    at search (lib\\boyer-moore.js:117:17)\n    at search (lib\\boyer-moore.js:117:17)\n    at search (lib\\boyer-moore.js:117:17)\n    at search (lib\\boyer-moore.js:117:17)\n    at search (lib\\boyer-moore.js:117:17)\n    at search (lib\\boyer-moore.js:117:17)\n    at search (lib\\boyer-moore.js:117:17)\n    at search (lib\\boyer-moore.js:117:17)\n    at search (lib\\boyer-moore.js:117:17)\n    at search (lib\\boyer-moore.js:117:17)\n    at search (lib\\boyer-moore.js:117:17)\n    at search (lib\\boyer-moore.js:117:17)\n    at search (lib\\boyer-moore.js:117:17)\n    at search (lib\\boyer-moore.js:117:17)\n    at search (lib\\boyer-moore.js:117:17)\n    at search (lib\\boyer-moore.js:117:17)\n    at search (lib\\boyer-moore.js:117:17)\n    at search (lib\\boyer-moore.js:117:17)\n    at search (lib\\boyer-moore.js:117:17)\n    at search (lib\\boyer-moore.js:117:17)\n    at search (lib\\boyer-moore.js:117:17)\n    at search (lib\\boyer-moore.js:117:17)\n    at search (lib\\boyer-moore.js:117:17)\n    at search (lib\\boyer-moore.js:117:17)\n    at search (lib\\boyer-moore.js:117:17)\n    at search (lib\\boyer-moore.js:117:17)\n    at search (lib\\boyer-moore.js:117:17)\n    at search (lib\\boyer-moore.js:117:17)\n    at search (lib\\boyer-moore.js:117:17)\n    at search (lib\\boyer-moore.js:117:17)\n    at search (lib\\boyer-moore.js:117:17)\n    at search (lib\\boyer-moore.js:117:17)\n    at search (lib\\boyer-moore.js:117:17)\n    at search (lib\\boyer-moore.js:117:17)\n    at search (lib\\boyer-moore.js:117:17)\n    at search (lib\\boyer-moore.js:117:17)\n    at search (lib\\boyer-moore.js:117:17)\n    at search (lib\\boyer-moore.js:117:17)\n    at search (lib\\boyer-moore.js:117:17)\n    at search (lib\\boyer-moore.js:117:17)\n    at search (lib\\boyer-moore.js:117:17)\n    at search (lib\\boyer-moore.js:117:17)\n    at search (lib\\boyer-moore.js:117:17)\n    at search (lib\\boyer-moore.js:117:17)\n    at search (lib\\boyer-moore.js:117:17)\n    at search (lib\\boyer-moore.js:117:17)\n    at search (lib\\boyer-moore.js:117:17)\n    at search (lib\\boyer-moore.js:117:17)\n    at search (lib\\boyer-moore.js:117:17)\n    at search (lib\\boyer-moore.js:117:17)\n    at search (lib\\boyer-moore.js:117:17)\n    at search (lib\\boyer-moore.js:117:17)\n    at search (lib\\boyer-moore.js:117:17)\n    at search (lib\\boyer-moore.js:117:17)\n    at search (lib\\boyer-moore.js:117:17)\n    at search (lib\\boyer-moore.js:117:17)\n    at search (lib\\boyer-moore.js:117:17)\n    at search (lib\\boyer-moore.js:117:17)\n    at search (lib\\boyer-moore.js:117:17)\n    at search (lib\\boyer-moore.js:117:17)\n    at search (lib\\boyer-moore.js:117:17)\n    at search (lib\\boyer-moore.js:117:17)\n    at search (lib\\boyer-moore.js:117:17)\n    at search (lib\\boyer-moore.js:117:17)\n    at search (lib\\boyer-moore.js:117:17)\n    at search (lib\\boyer-moore.js:117:17)\n    at search (lib\\boyer-moore.js:117:17)\n    at search (lib\\boyer-moore.js:117:17)\n    at search (lib\\boyer-moore.js:117:17)\n    at search (lib\\boyer-moore.js:117:17)\n    at search (lib\\boyer-moore.js:117:17)\n    at search (lib\\boyer-moore.js:117:17)\n    at search (lib\\boyer-moore.js:117:17)\n    at search (lib\\boyer-moore.js:117:17)\n    at search (lib\\boyer-moore.js:117:17)\n    at search (lib\\boyer-moore.js:117:17)\n    at search (lib\\boyer-moore.js:117:17)\n    at search (lib\\boyer-moore.js:117:17)\n    at search (lib\\boyer-moore.js:117:17)\n    at search (lib\\boyer-moore.js:117:17)\n    at search (lib\\boyer-moore.js:117:17)\n    at search (lib\\boyer-moore.js:117:17)\n    at search (lib\\boyer-moore.js:117:17)\n    at search (lib\\boyer-moore.js:117:17)\n    at search (lib\\boyer-moore.js:117:17)\n    at search (lib\\boyer-moore.js:117:17)\n    at search (lib\\boyer-moore.js:117:17)\n    at search (lib\\boyer-moore.js:117:17)\n    at search (lib\\boyer-moore.js:117:17)\n    at search (lib\\boyer-moore.js:117:17)\n    at search (lib\\boyer-moore.js:117:17)\n    at search (lib\\boyer-moore.js:117:17)\n    at search (lib\\boyer-moore.js:117:17)\n    at search (lib\\boyer-moore.js:117:17)\n    at search (lib\\boyer-moore.js:117:17)\n    at search (lib\\boyer-moore.js:117:17)\n    at search (lib\\boyer-moore.js:117:17)\n    at search (lib\\boyer-moore.js:117:17)\n    at search (lib\\boyer-moore.js:117:17)\n    at search (lib\\boyer-moore.js:117:17)\n    at search (lib\\boyer-moore.js:117:17)\n    at search (lib\\boyer-moore.js:117:17)\n    at search (lib\\boyer-moore.js:117:17)\n    at search (lib\\boyer-moore.js:117:17)\n    at search (lib\\boyer-moore.js:117:17)\n    at search (lib\\boyer-moore.js:117:17)\n    at search (lib\\boyer-moore.js:117:17)\n    at search (lib\\boyer-moore.js:117:17)\n    at search (lib\\boyer-moore.js:117:17)\n    at search (lib\\boyer-moore.js:117:17)\n    at search (lib\\boyer-moore.js:117:17)\n    at search (lib\\boyer-moore.js:117:17)\n    at search (lib\\boyer-moore.js:117:17)\n    at search (lib\\boyer-moore.js:117:17)\n    at search (lib\\boyer-moore.js:117:17)\n    at search (lib\\boyer-moore.js:117:17)\n    at search (lib\\boyer-moore.js:117:17)\n    at search (lib\\boyer-moore.js:117:17)\n    at search (lib\\boyer-moore.js:117:17)\n    at search (lib\\boyer-moore.js:117:17)\n    at search (lib\\boyer-moore.js:117:17)\n    at search (lib\\boyer-moore.js:117:17)\n    at search (lib\\boyer-moore.js:117:17)\n    at search (lib\\boyer-moore.js:117:17)\n    at search (lib\\boyer-moore.js:117:17)\n    at search (lib\\boyer-moore.js:117:17)\n    at search (lib\\boyer-moore.js:117:17)\n    at search (lib\\boyer-moore.js:117:17)\n    at search (lib\\boyer-moore.js:117:17)\n    at search (lib\\boyer-moore.js:117:17)\n    at search (lib\\boyer-moore.js:117:17)\n    at search (lib\\boyer-moore.js:117:17)\n    at search (lib\\boyer-moore.js:117:17)\n    at search (lib\\boyer-moore.js:117:17)\n    at search (lib\\boyer-moore.js:117:17)\n    at search (lib\\boyer-moore.js:117:17)\n    at search (lib\\boyer-moore.js:117:17)\n    at search (lib\\boyer-moore.js:117:17)\n    at search (lib\\boyer-moore.js:117:17)\n    at search (lib\\boyer-moore.js:117:17)\n    at search (lib\\boyer-moore.js:117:17)\n    at search (lib\\boyer-moore.js:117:17)\n    at search (lib\\boyer-moore.js:117:17)\n    at search (lib\\boyer-moore.js:117:17)\n    at search (lib\\boyer-moore.js:117:17)\n    at search (lib\\boyer-moore.js:117:17)\n    at search (lib\\boyer-moore.js:117:17)\n    at search (lib\\boyer-moore.js:117:17)\n    at search (lib\\boyer-moore.js:117:17)\n    at search (lib\\boyer-moore.js:117:17)\n    at search (lib\\boyer-moore.js:117:17)\n    at search (lib\\boyer-moore.js:117:17)\n    at search (lib\\boyer-moore.js:117:17)\n    at search (lib\\boyer-moore.js:117:17)\n    at search (lib\\boyer-moore.js:117:17)\n    at search (lib\\boyer-moore.js:117:17)\n    at search (lib\\boyer-moore.js:117:17)\n    at search (lib\\boyer-moore.js:117:17)\n    at search (lib\\boyer-moore.js:117:17)\n    at search (lib\\boyer-moore.js:117:17)\n    at search (lib\\boyer-moore.js:117:17)\n    at search (lib\\boyer-moore.js:117:17)\n    at search (lib\\boyer-moore.js:117:17)\n    at search (lib\\boyer-moore.js:117:17)\n    at search (lib\\boyer-moore.js:117:17)\n    at search (lib\\boyer-moore.js:117:17)\n    at search (lib\\boyer-moore.js:117:17)\n    at search (lib\\boyer-moore.js:117:17)\n    at search (lib\\boyer-moore.js:117:17)\n    at search (lib\\boyer-moore.js:117:17)\n    at search (lib\\boyer-moore.js:117:17)\n    at search (lib\\boyer-moore.js:117:17)\n    at search (lib\\boyer-moore.js:117:17)\n    at search (lib\\boyer-moore.js:117:17)\n    at search (lib\\boyer-moore.js:117:17)\n    at search (lib\\boyer-moore.js:117:17)\n    at search (lib\\boyer-moore.js:117:17)\n    at search (lib\\boyer-moore.js:117:17)\n    at search (lib\\boyer-moore.js:117:17)\n    at search (lib\\boyer-moore.js:117:17)\n    at search (lib\\boyer-moore.js:117:17)\n    at search (lib\\boyer-moore.js:117:17)\n    at search (lib\\boyer-moore.js:117:17)\n    at search (lib\\boyer-moore.js:117:17)\n    at search (lib\\boyer-moore.js:117:17)\n    at search (lib\\boyer-moore.js:117:17)\n    at search (lib\\boyer-moore.js:117:17)\n    at search (lib\\boyer-moore.js:117:17)\n    at search (lib\\boyer-moore.js:117:17)\n    at search (lib\\boyer-moore.js:117:17)\n    at search (lib\\boyer-moore.js:117:17)\n    at search (lib\\boyer-moore.js:117:17)\n    at search (lib\\boyer-moore.js:117:17)\n    at search (lib\\boyer-moore.js:117:17)\n    at search (lib\\boyer-moore.js:117:17)\n    at search (lib\\boyer-moore.js:117:17)\n    at search (lib\\boyer-moore.js:117:17)\n    at search (lib\\boyer-moore.js:117:17)\n    at search (lib\\boyer-moore.js:117:17)\n    at search (lib\\boyer-moore.js:117:17)\n    at search (lib\\boyer-moore.js:117:17)\n    at search (lib\\boyer-moore.js:117:17)\n    at search (lib\\boyer-moore.js:117:17)\n    at search (lib\\boyer-moore.js:117:17)\n    at search (lib\\boyer-moore.js:117:17)\n    at search (lib\\boyer-moore.js:117:17)\n    at search (lib\\boyer-moore.js:117:17)\n    at search (lib\\boyer-moore.js:117:17)\n    at search (lib\\boyer-moore.js:117:17)\n    at search (lib\\boyer-moore.js:117:17)\n    at search (lib\\boyer-moore.js:117:17)\n    at search (lib\\boyer-moore.js:117:17)\n    at search (lib\\boyer-moore.js:117:17)\n    at search (lib\\boyer-moore.js:117:17)\n    at search (lib\\boyer-moore.js:117:17)\n    at search (lib\\boyer-moore.js:117:17)\n    at search (lib\\boyer-moore.js:117:17)\n    at search (lib\\boyer-moore.js:117:17)\n    at search (lib\\boyer-moore.js:117:17)\n    at search (lib\\boyer-moore.js:117:17)\n    at search (lib\\boyer-moore.js:117:17)\n    at search (lib\\boyer-moore.js:117:17)\n    at search (lib\\boyer-moore.js:117:17)\n    at search (lib\\boyer-moore.js:117:17)\n    at search (lib\\boyer-moore.js:117:17)\n    at search (lib\\boyer-moore.js:117:17)\n    at search (lib\\boyer-moore.js:117:17)\n    at search (lib\\boyer-moore.js:117:17)\n    at search (lib\\boyer-moore.js:117:17)\n    at search (lib\\boyer-moore.js:117:17)\n    at search (lib\\boyer-moore.js:117:17)\n    at search (lib\\boyer-moore.js:117:17)\n    at search (lib\\boyer-moore.js:117:17)\n    at search (lib\\boyer-moore.js:117:17)\n    at search (lib\\boyer-moore.js:117:17)\n    at search (lib\\boyer-moore.js:117:17)\n    at search (lib\\boyer-moore.js:117:17)\n    at search (lib\\boyer-moore.js:117:17)\n    at search (lib\\boyer-moore.js:117:17)\n    at search (lib\\boyer-moore.js:117:17)\n    at search (lib\\boyer-moore.js:117:17)\n    at search (lib\\boyer-moore.js:117:17)\n    at search (lib\\boyer-moore.js:117:17)\n    at search (lib\\boyer-moore.js:117:17)\n    at search (lib\\boyer-moore.js:117:17)\n    at search (lib\\boyer-moore.js:117:17)\n    at search (lib\\boyer-moore.js:117:17)\n    at search (lib\\boyer-moore.js:117:17)\n    at search (lib\\boyer-moore.js:117:17)\n    at search (lib\\boyer-moore.js:117:17)\n    at search (lib\\boyer-moore.js:117:17)\n    at search (lib\\boyer-moore.js:117:17)\n    at search (lib\\boyer-moore.js:117:17)\n    at search (lib\\boyer-moore.js:117:17)\n    at search (lib\\boyer-moore.js:117:17)\n    at search (lib\\boyer-moore.js:117:17)\n    at search (lib\\boyer-moore.js:117:17)\n    at search (lib\\boyer-moore.js:117:17)\n    at search (lib\\boyer-moore.js:117:17)\n    at search (lib\\boyer-moore.js:117:17)\n    at search (lib\\boyer-moore.js:117:17)\n    at search (lib\\boyer-moore.js:117:17)\n    at search (lib\\boyer-moore.js:117:17)\n    at search (lib\\boyer-moore.js:117:17)\n    at search (lib\\boyer-moore.js:117:17)\n    at search (lib\\boyer-moore.js:117:17)\n    at search (lib\\boyer-moore.js:117:17)\n    at search (lib\\boyer-moore.js:117:17)\n    at search (lib\\boyer-moore.js:117:17)\n    at search (lib\\boyer-moore.js:117:17)\n    at search (lib\\boyer-moore.js:117:17)\n    at search (lib\\boyer-moore.js:117:17)\n    at search (lib\\boyer-moore.js:117:17)\n    at search (lib\\boyer-moore.js:117:17)\n    at search (lib\\boyer-moore.js:117:17)\n    at search (lib\\boyer-moore.js:117:17)\n    at search (lib\\boyer-moore.js:117:17)\n    at search (lib\\boyer-moore.js:117:17)\n    at search (lib\\boyer-moore.js:117:17)\n    at search (lib\\boyer-moore.js:117:17)\n    at search (lib\\boyer-moore.js:117:17)\n    at search (lib\\boyer-moore.js:117:17)\n    at search (lib\\boyer-moore.js:117:17)\n    at search (lib\\boyer-moore.js:117:17)\n    at search (lib\\boyer-moore.js:117:17)\n    at search (lib\\boyer-moore.js:117:17)\n    at search (lib\\boyer-moore.js:117:17)\n    at search (lib\\boyer-moore.js:117:17)\n    at search (lib\\boyer-moore.js:117:17)\n    at search (lib\\boyer-moore.js:117:17)\n    at search (lib\\boyer-moore.js:117:17)\n    at search (lib\\boyer-moore.js:117:17)\n    at search (lib\\boyer-moore.js:117:17)\n    at search (lib\\boyer-moore.js:117:17)\n    at search (lib\\boyer-moore.js:117:17)\n    at search (lib\\boyer-moore.js:117:17)\n    at search (lib\\boyer-moore.js:117:17)\n    at search (lib\\boyer-moore.js:117:17)\n    at search (lib\\boyer-moore.js:117:17)\n    at search (lib\\boyer-moore.js:117:17)\n    at search (lib\\boyer-moore.js:117:17)\n    at search (lib\\boyer-moore.js:117:17)\n    at search (lib\\boyer-moore.js:117:17)\n    at search (lib\\boyer-moore.js:117:17)\n    at search (lib\\boyer-moore.js:117:17)\n    at search (lib\\boyer-moore.js:117:17)\n    at search (lib\\boyer-moore.js:117:17)\n    at search (lib\\boyer-moore.js:117:17)\n    at search (lib\\boyer-moore.js:117:17)\n    at search (lib\\boyer-moore.js:117:17)\n    at search (lib\\boyer-moore.js:117:17)\n    at search (lib\\boyer-moore.js:117:17)\n    at search (lib\\boyer-moore.js:117:17)\n    at search (lib\\boyer-moore.js:117:17)\n    at search (lib\\boyer-moore.js:117:17)\n    at search (lib\\boyer-moore.js:117:17)\n    at search (lib\\boyer-moore.js:117:17)\n    at search (lib\\boyer-moore.js:117:17)\n    at search (lib\\boyer-moore.js:117:17)\n    at search (lib\\boyer-moore.js:117:17)\n    at search (lib\\boyer-moore.js:117:17)\n    at search (lib\\boyer-moore.js:117:17)\n    at search (lib\\boyer-moore.js:117:17)\n    at search (lib\\boyer-moore.js:117:17)\n    at search (lib\\boyer-moore.js:117:17)\n    at search (lib\\boyer-moore.js:117:17)\n    at search (lib\\boyer-moore.js:117:17)\n    at search (lib\\boyer-moore.js:117:17)\n    at search (lib\\boyer-moore.js:117:17)\n    at search (lib\\boyer-moore.js:117:17)\n    at search (lib\\boyer-moore.js:117:17)\n    at search (lib\\boyer-moore.js:117:17)\n    at search (lib\\boyer-moore.js:117:17)\n    at search (lib\\boyer-moore.js:117:17)\n    at search (lib\\boyer-moore.js:117:17)\n    at search (lib\\boyer-moore.js:117:17)\n    at search (lib\\boyer-moore.js:117:17)\n    at search (lib\\boyer-moore.js:117:17)\n    at search (lib\\boyer-moore.js:117:17)\n    at search (lib\\boyer-moore.js:117:17)\n    at search (lib\\boyer-moore.js:117:17)\n    at search (lib\\boyer-moore.js:117:17)\n    at search (lib\\boyer-moore.js:117:17)\n    at search (lib\\boyer-moore.js:117:17)\n    at search (lib\\boyer-moore.js:117:17)\n    at search (lib\\boyer-moore.js:117:17)\n    at search (lib\\boyer-moore.js:117:17)\n    at search (lib\\boyer-moore.js:117:17)\n    at search (lib\\boyer-moore.js:117:17)\n    at search (lib\\boyer-moore.js:117:17)\n    at search (lib\\boyer-moore.js:117:17)\n    at search (lib\\boyer-moore.js:117:17)\n    at search (lib\\boyer-moore.js:117:17)\n    at search (lib\\boyer-moore.js:117:17)\n    at search (lib\\boyer-moore.js:117:17)\n    at search (lib\\boyer-moore.js:117:17)\n    at search (lib\\boyer-moore.js:117:17)\n    at search (lib\\boyer-moore.js:117:17)\n    at search (lib\\boyer-moore.js:117:17)\n    at search (lib\\boyer-moore.js:117:17)\n    at search (lib\\boyer-moore.js:117:17)\n    at search (lib\\boyer-moore.js:117:17)\n    at search (lib\\boyer-moore.js:117:17)\n    at search (lib\\boyer-moore.js:117:17)\n    at search (lib\\boyer-moore.js:117:17)\n    at search (lib\\boyer-moore.js:117:17)\n    at search (lib\\boyer-moore.js:117:17)\n    at search (lib\\boyer-moore.js:117:17)\n    at search (lib\\boyer-moore.js:117:17)\n    at search (lib\\boyer-moore.js:117:17)\n    at search (lib\\boyer-moore.js:117:17)\n    at search (lib\\boyer-moore.js:117:17)\n    at search (lib\\boyer-moore.js:117:17)\n    at search (lib\\boyer-moore.js:117:17)\n    at search (lib\\boyer-moore.js:117:17)\n    at search (lib\\boyer-moore.js:117:17)\n    at search (lib\\boyer-moore.js:117:17)\n    at search (lib\\boyer-moore.js:117:17)\n    at search (lib\\boyer-moore.js:117:17)\n    at search (lib\\boyer-moore.js:117:17)\n    at search (lib\\boyer-moore.js:117:17)\n    at search (lib\\boyer-moore.js:117:17)\n    at search (lib\\boyer-moore.js:117:17)\n    at search (lib\\boyer-moore.js:117:17)\n    at search (lib\\boyer-moore.js:117:17)\n    at search (lib\\boyer-moore.js:117:17)\n    at search (lib\\boyer-moore.js:117:17)\n    at search (lib\\boyer-moore.js:117:17)\n    at search (lib\\boyer-moore.js:117:17)\n    at search (lib\\boyer-moore.js:117:17)\n    at search (lib\\boyer-moore.js:117:17)\n    at search (lib\\boyer-moore.js:117:17)\n    at search (lib\\boyer-moore.js:117:17)\n    at search (lib\\boyer-moore.js:117:17)\n    at search (lib\\boyer-moore.js:117:17)\n    at search (lib\\boyer-moore.js:117:17)\n    at search (lib\\boyer-moore.js:117:17)\n    at search (lib\\boyer-moore.js:117:17)\n    at search (lib\\boyer-moore.js:117:17)\n    at search (lib\\boyer-moore.js:117:17)\n    at search (lib\\boyer-moore.js:117:17)\n    at search (lib\\boyer-moore.js:117:17)\n    at search (lib\\boyer-moore.js:117:17)\n    at search (lib\\boyer-moore.js:117:17)\n    at search (lib\\boyer-moore.js:117:17)\n    at search (lib\\boyer-moore.js:117:17)\n    at search (lib\\boyer-moore.js:117:17)\n    at search (lib\\boyer-moore.js:117:17)\n    at search (lib\\boyer-moore.js:117:17)\n    at search (lib\\boyer-moore.js:117:17)\n    at search (lib\\boyer-moore.js:117:17)\n    at search (lib\\boyer-moore.js:117:17)\n    at search (lib\\boyer-moore.js:117:17)\n    at search (lib\\boyer-moore.js:117:17)\n    at search (lib\\boyer-moore.js:117:17)\n    at search (lib\\boyer-moore.js:117:17)\n    at search (lib\\boyer-moore.js:117:17)\n    at search (lib\\boyer-moore.js:117:17)\n    at search (lib\\boyer-moore.js:117:17)\n    at search (lib\\boyer-moore.js:117:17)\n    at search (lib\\boyer-moore.js:117:17)\n    at search (lib\\boyer-moore.js:117:17)\n    at search (lib\\boyer-moore.js:117:17)\n    at search (lib\\boyer-moore.js:117:17)\n    at search (lib\\boyer-moore.js:117:17)\n    at search (lib\\boyer-moore.js:117:17)\n    at search (lib\\boyer-moore.js:117:17)\n    at search (lib\\boyer-moore.js:117:17)\n    at search (lib\\boyer-moore.js:117:17)\n    at search (lib\\boyer-moore.js:117:17)\n    at search (lib\\boyer-moore.js:117:17)\n    at search (lib\\boyer-moore.js:117:17)\n    at search (lib\\boyer-moore.js:117:17)\n    at search (lib\\boyer-moore.js:117:17)\n    at search (lib\\boyer-moore.js:117:17)\n    at search (lib\\boyer-moore.js:117:17)\n    at search (lib\\boyer-moore.js:117:17)\n    at search (lib\\boyer-moore.js:117:17)\n    at search (lib\\boyer-moore.js:117:17)\n    at search (lib\\boyer-moore.js:117:17)\n    at search (lib\\boyer-moore.js:117:17)\n    at search (lib\\boyer-moore.js:117:17)\n    at search (lib\\boyer-moore.js:117:17)\n    at search (lib\\boyer-moore.js:117:17)\n    at search (lib\\boyer-moore.js:117:17)\n    at search (lib\\boyer-moore.js:117:17)\n    at search (lib\\boyer-moore.js:117:17)\n    at search (lib\\boyer-moore.js:117:17)\n    at search (lib\\boyer-moore.js:117:17)\n    at search (lib\\boyer-moore.js:117:17)\n    at search (lib\\boyer-moore.js:117:17)\n    at search (lib\\boyer-moore.js:117:17)\n    at search (lib\\boyer-moore.js:117:17)\n    at search (lib\\boyer-moore.js:117:17)\n    at search (lib\\boyer-moore.js:117:17)\n    at search (lib\\boyer-moore.js:117:17)\n    at search (lib\\boyer-moore.js:117:17)\n    at search (lib\\boyer-moore.js:117:17)\n    at search (lib\\boyer-moore.js:117:17)\n    at search (lib\\boyer-moore.js:117:17)\n    at search (lib\\boyer-moore.js:117:17)\n    at search (lib\\boyer-moore.js:117:17)\n    at search (lib\\boyer-moore.js:117:17)\n    at search (lib\\boyer-moore.js:117:17)\n    at search (lib\\boyer-moore.js:117:17)\n    at search (lib\\boyer-moore.js:117:17)\n    at search (lib\\boyer-moore.js:117:17)\n    at search (lib\\boyer-moore.js:117:17)\n    at search (lib\\boyer-moore.js:117:17)\n    at search (lib\\boyer-moore.js:117:17)\n    at search (lib\\boyer-moore.js:117:17)\n    at search (lib\\boyer-moore.js:117:17)\n    at search (lib\\boyer-moore.js:117:17)\n    at search (lib\\boyer-moore.js:117:17)\n    at search (lib\\boyer-moore.js:117:17)\n    at search (lib\\boyer-moore.js:117:17)\n    at search (lib\\boyer-moore.js:117:17)\n    at search (lib\\boyer-moore.js:117:17)\n    at search (lib\\boyer-moore.js:117:17)\n    at search (lib\\boyer-moore.js:117:17)\n    at search (lib\\boyer-moore.js:117:17)\n    at search (lib\\boyer-moore.js:117:17)\n    at search (lib\\boyer-moore.js:117:17)\n    at search (lib\\boyer-moore.js:117:17)\n    at search (lib\\boyer-moore.js:117:17)\n    at search (lib\\boyer-moore.js:117:17)\n    at search (lib\\boyer-moore.js:117:17)\n    at search (lib\\boyer-moore.js:117:17)\n    at search (lib\\boyer-moore.js:117:17)\n    at search (lib\\boyer-moore.js:117:17)\n    at search (lib\\boyer-moore.js:117:17)\n    at search (lib\\boyer-moore.js:117:17)\n    at search (lib\\boyer-moore.js:117:17)\n    at search (lib\\boyer-moore.js:117:17)\n    at search (lib\\boyer-moore.js:117:17)\n    at search (lib\\boyer-moore.js:117:17)\n    at search (lib\\boyer-moore.js:117:17)\n    at search (lib\\boyer-moore.js:117:17)\n    at search (lib\\boyer-moore.js:117:17)\n    at search (lib\\boyer-moore.js:117:17)\n    at search (lib\\boyer-moore.js:117:17)\n    at search (lib\\boyer-moore.js:117:17)\n    at search (lib\\boyer-moore.js:117:17)\n    at search (lib\\boyer-moore.js:117:17)\n    at search (lib\\boyer-moore.js:117:17)\n    at search (lib\\boyer-moore.js:117:17)\n    at search (lib\\boyer-moore.js:117:17)\n    at search (lib\\boyer-moore.js:117:17)\n    at search (lib\\boyer-moore.js:117:17)\n    at search (lib\\boyer-moore.js:117:17)\n    at search (lib\\boyer-moore.js:117:17)\n    at search (lib\\boyer-moore.js:117:17)\n    at search (lib\\boyer-moore.js:117:17)\n    at search (lib\\boyer-moore.js:117:17)\n    at search (lib\\boyer-moore.js:117:17)\n    at search (lib\\boyer-moore.js:117:17)\n    at search (lib\\boyer-moore.js:117:17)\n    at search (lib\\boyer-moore.js:117:17)\n    at search (lib\\boyer-moore.js:117:17)\n    at search (lib\\boyer-moore.js:117:17)\n    at search (lib\\boyer-moore.js:117:17)\n    at search (lib\\boyer-moore.js:117:17)\n    at search (lib\\boyer-moore.js:117:17)\n    at search (lib\\boyer-moore.js:117:17)\n    at search (lib\\boyer-moore.js:117:17)\n    at search (lib\\boyer-moore.js:117:17)\n    at search (lib\\boyer-moore.js:117:17)\n    at search (lib\\boyer-moore.js:117:17)\n    at search (lib\\boyer-moore.js:117:17)\n    at search (lib\\boyer-moore.js:117:17)\n    at search (lib\\boyer-moore.js:117:17)\n    at search (lib\\boyer-moore.js:117:17)\n    at search (lib\\boyer-moore.js:117:17)\n    at search (lib\\boyer-moore.js:117:17)\n    at search (lib\\boyer-moore.js:117:17)\n    at search (lib\\boyer-moore.js:117:17)\n    at search (lib\\boyer-moore.js:117:17)\n    at search (lib\\boyer-moore.js:117:17)\n    at search (lib\\boyer-moore.js:117:17)\n    at search (lib\\boyer-moore.js:117:17)\n    at search (lib\\boyer-moore.js:117:17)\n    at search (lib\\boyer-moore.js:117:17)\n    at search (lib\\boyer-moore.js:117:17)\n    at search (lib\\boyer-moore.js:117:17)\n    at search (lib\\boyer-moore.js:117:17)\n    at search (lib\\boyer-moore.js:117:17)\n    at search (lib\\boyer-moore.js:117:17)\n    at search (lib\\boyer-moore.js:117:17)\n    at search (lib\\boyer-moore.js:117:17)\n    at search (lib\\boyer-moore.js:117:17)\n    at search (lib\\boyer-moore.js:117:17)\n    at search (lib\\boyer-moore.js:117:17)\n    at search (lib\\boyer-moore.js:117:17)\n    at search (lib\\boyer-moore.js:117:17)\n    at search (lib\\boyer-moore.js:117:17)\n    at search (lib\\boyer-moore.js:117:17)\n    at search (lib\\boyer-moore.js:117:17)\n    at search (lib\\boyer-moore.js:117:17)\n    at search (lib\\boyer-moore.js:117:17)\n    at search (lib\\boyer-moore.js:117:17)\n    at search (lib\\boyer-moore.js:117:17)\n    at search (lib\\boyer-moore.js:117:17)\n    at search (lib\\boyer-moore.js:117:17)\n    at search (lib\\boyer-moore.js:117:17)\n    at search (lib\\boyer-moore.js:117:17)\n    at search (lib\\boyer-moore.js:117:17)\n    at search (lib\\boyer-moore.js:117:17)\n    at search (lib\\boyer-moore.js:117:17)\n    at search (lib\\boyer-moore.js:117:17)\n    at search (lib\\boyer-moore.js:117:17)\n    at search (lib\\boyer-moore.js:117:17)\n    at search (lib\\boyer-moore.js:117:17)\n    at search (lib\\boyer-moore.js:117:17)\n    at search (lib\\boyer-moore.js:117:17)\n    at search (lib\\boyer-moore.js:117:17)\n    at search (lib\\boyer-moore.js:117:17)\n    at search (lib\\boyer-moore.js:117:17)\n    at search (lib\\boyer-moore.js:117:17)\n    at search (lib\\boyer-moore.js:117:17)\n    at search (lib\\boyer-moore.js:117:17)\n    at search (lib\\boyer-moore.js:117:17)\n    at search (lib\\boyer-moore.js:117:17)\n    at search (lib\\boyer-moore.js:117:17)\n    at search (lib\\boyer-moore.js:117:17)\n    at search (lib\\boyer-moore.js:117:17)\n    at search (lib\\boyer-moore.js:117:17)\n    at search (lib\\boyer-moore.js:117:17)\n    at search (lib\\boyer-moore.js:117:17)\n    at search (lib\\boyer-moore.js:117:17)\n    at search (lib\\boyer-moore.js:117:17)\n    at search (lib\\boyer-moore.js:117:17)\n    at search (lib\\boyer-moore.js:117:17)\n    at search (lib\\boyer-moore.js:117:17)\n    at search (lib\\boyer-moore.js:117:17)\n    at search (lib\\boyer-moore.js:117:17)\n    at search (lib\\boyer-moore.js:117:17)\n    at search (lib\\boyer-moore.js:117:17)\n    at search (lib\\boyer-moore.js:117:17)\n    at search (lib\\boyer-moore.js:117:17)\n    at search (lib\\boyer-moore.js:117:17)\n    at search (lib\\boyer-moore.js:117:17)\n    at search (lib\\boyer-moore.js:117:17)\n    at search (lib\\boyer-moore.js:117:17)\n    at search (lib\\boyer-moore.js:117:17)\n    at search (lib\\boyer-moore.js:117:17)\n    at search (lib\\boyer-moore.js:117:17)\n    at search (lib\\boyer-moore.js:117:17)\n    at search (lib\\boyer-moore.js:117:17)\n    at search (lib\\boyer-moore.js:117:17)\n    at search (lib\\boyer-moore.js:117:17)\n    at search (lib\\boyer-moore.js:117:17)\n    at search (lib\\boyer-moore.js:117:17)\n    at search (lib\\boyer-moore.js:117:17)\n    at search (lib\\boyer-moore.js:117:17)\n    at search (lib\\boyer-moore.js:117:17)\n    at search (lib\\boyer-moore.js:117:17)\n    at search (lib\\boyer-moore.js:117:17)\n    at search (lib\\boyer-moore.js:117:17)\n    at search (lib\\boyer-moore.js:117:17)\n    at search (lib\\boyer-moore.js:117:17)\n    at search (lib\\boyer-moore.js:117:17)\n    at search (lib\\boyer-moore.js:117:17)\n    at search (lib\\boyer-moore.js:117:17)\n    at search (lib\\boyer-moore.js:117:17)\n    at search (lib\\boyer-moore.js:117:17)\n    at search (lib\\boyer-moore.js:117:17)\n    at search (lib\\boyer-moore.js:117:17)\n    at search (lib\\boyer-moore.js:117:17)\n    at search (lib\\boyer-moore.js:117:17)\n    at search (lib\\boyer-moore.js:117:17)\n    at search (lib\\boyer-moore.js:117:17)\n    at search (lib\\boyer-moore.js:117:17)\n    at search (lib\\boyer-moore.js:117:17)\n    at search (lib\\boyer-moore.js:117:17)\n    at search (lib\\boyer-moore.js:117:17)\n    at search (lib\\boyer-moore.js:117:17)\n    at search (lib\\boyer-moore.js:117:17)\n    at search (lib\\boyer-moore.js:117:17)\n    at search (lib\\boyer-moore.js:117:17)\n    at search (lib\\boyer-moore.js:117:17)\n    at search (lib\\boyer-moore.js:117:17)\n    at search (lib\\boyer-moore.js:117:17)\n    at search (lib\\boyer-moore.js:117:17)\n    at search (lib\\boyer-moore.js:117:17)\n    at search (lib\\boyer-moore.js:117:17)\n    at search (lib\\boyer-moore.js:117:17)\n    at search (lib\\boyer-moore.js:117:17)\n    at search (lib\\boyer-moore.js:117:17)\n    at search (lib\\boyer-moore.js:117:17)\n    at search (lib\\boyer-moore.js:117:17)\n    at search (lib\\boyer-moore.js:117:17)\n    at search (lib\\boyer-moore.js:117:17)\n    at search (lib\\boyer-moore.js:117:17)\n    at search (lib\\boyer-moore.js:117:17)\n    at search (lib\\boyer-moore.js:117:17)\n    at search (lib\\boyer-moore.js:117:17)\n    at search (lib\\boyer-moore.js:117:17)\n    at search (lib\\boyer-moore.js:117:17)\n    at search (lib\\boyer-moore.js:117:17)\n    at search (lib\\boyer-moore.js:117:17)\n    at search (lib\\boyer-moore.js:117:17)\n    at search (lib\\boyer-moore.js:117:17)\n    at search (lib\\boyer-moore.js:117:17)\n    at search (lib\\boyer-moore.js:117:17)\n    at search (lib\\boyer-moore.js:117:17)\n    at search (lib\\boyer-moore.js:117:17)\n    at search (lib\\boyer-moore.js:117:17)\n    at search (lib\\boyer-moore.js:117:17)\n    at search (lib\\boyer-moore.js:117:17)\n    at search (lib\\boyer-moore.js:117:17)\n    at search (lib\\boyer-moore.js:117:17)\n    at search (lib\\boyer-moore.js:117:17)\n    at search (lib\\boyer-moore.js:117:17)\n    at search (lib\\boyer-moore.js:117:17)\n    at search (lib\\boyer-moore.js:117:17)\n    at search (lib\\boyer-moore.js:117:17)\n    at search (lib\\boyer-moore.js:117:17)\n    at search (lib\\boyer-moore.js:117:17)\n    at search (lib\\boyer-moore.js:117:17)\n    at search (lib\\boyer-moore.js:117:17)\n    at search (lib\\boyer-moore.js:117:17)\n    at search (lib\\boyer-moore.js:117:17)\n    at search (lib\\boyer-moore.js:117:17)\n    at search (lib\\boyer-moore.js:117:17)\n    at search (lib\\boyer-moore.js:117:17)\n    at search (lib\\boyer-moore.js:117:17)\n    at search (lib\\boyer-moore.js:117:17)\n    at search (lib\\boyer-moore.js:117:17)\n    at search (lib\\boyer-moore.js:117:17)\n    at search (lib\\boyer-moore.js:117:17)\n    at search (lib\\boyer-moore.js:117:17)\n    at search (lib\\boyer-moore.js:117:17)\n    at search (lib\\boyer-moore.js:117:17)\n    at search (lib\\boyer-moore.js:117:17)\n    at search (lib\\boyer-moore.js:117:17)\n    at search (lib\\boyer-moore.js:117:17)\n    at search (lib\\boyer-moore.js:117:17)\n    at search (lib\\boyer-moore.js:117:17)\n    at search (lib\\boyer-moore.js:117:17)\n    at search (lib\\boyer-moore.js:117:17)\n    at search (lib\\boyer-moore.js:117:17)\n    at search (lib\\boyer-moore.js:117:17)\n    at search (lib\\boyer-moore.js:117:17)\n    at search (lib\\boyer-moore.js:117:17)\n    at search (lib\\boyer-moore.js:117:17)\n    at search (lib\\boyer-moore.js:117:17)\n    at search (lib\\boyer-moore.js:117:17)\n    at search (lib\\boyer-moore.js:117:17)\n    at search (lib\\boyer-moore.js:117:17)\n    at search (lib\\boyer-moore.js:117:17)\n    at search (lib\\boyer-moore.js:117:17)\n    at search (lib\\boyer-moore.js:117:17)\n    at search (lib\\boyer-moore.js:117:17)\n    at search (lib\\boyer-moore.js:117:17)\n    at search (lib\\boyer-moore.js:117:17)\n    at search (lib\\boyer-moore.js:117:17)\n    at search (lib\\boyer-moore.js:117:17)\n    at search (lib\\boyer-moore.js:117:17)\n    at search (lib\\boyer-moore.js:117:17)\n    at search (lib\\boyer-moore.js:117:17)\n    at search (lib\\boyer-moore.js:117:17)\n    at search (lib\\boyer-moore.js:117:17)\n    at search (lib\\boyer-moore.js:117:17)\n    at search (lib\\boyer-moore.js:117:17)\n    at search (lib\\boyer-moore.js:117:17)\n    at search (lib\\boyer-moore.js:117:17)\n    at search (lib\\boyer-moore.js:117:17)\n    at search (lib\\boyer-moore.js:117:17)\n    at search (lib\\boyer-moore.js:117:17)\n    at search (lib\\boyer-moore.js:117:17)\n    at search (lib\\boyer-moore.js:117:17)\n    at search (lib\\boyer-moore.js:117:17)\n    at search (lib\\boyer-moore.js:117:17)\n    at search (lib\\boyer-moore.js:117:17)\n    at search (lib\\boyer-moore.js:117:17)\n    at search (lib\\boyer-moore.js:117:17)\n    at search (lib\\boyer-moore.js:117:17)\n    at search (lib\\boyer-moore.js:117:17)\n    at search (lib\\boyer-moore.js:117:17)\n    at search (lib\\boyer-moore.js:117:17)\n    at search (lib\\boyer-moore.js:117:17)\n    at search (lib\\boyer-moore.js:117:17)\n    at search (lib\\boyer-moore.js:117:17)\n    at search (lib\\boyer-moore.js:117:17)\n    at search (lib\\boyer-moore.js:117:17)\n    at search (lib\\boyer-moore.js:117:17)\n    at search (lib\\boyer-moore.js:117:17)\n    at search (lib\\boyer-moore.js:117:17)\n    at search (lib\\boyer-moore.js:117:17)\n    at search (lib\\boyer-moore.js:117:17)\n    at search (lib\\boyer-moore.js:117:17)\n    at search (lib\\boyer-moore.js:117:17)\n    at search (lib\\boyer-moore.js:117:17)\n    at search (lib\\boyer-moore.js:117:17)\n    at search (lib\\boyer-moore.js:117:17)\n    at search (lib\\boyer-moore.js:117:17)\n    at search (lib\\boyer-moore.js:117:17)\n    at search (lib\\boyer-moore.js:117:17)\n    at search (lib\\boyer-moore.js:117:17)\n    at search (lib\\boyer-moore.js:117:17)\n    at search (lib\\boyer-moore.js:117:17)\n    at search (lib\\boyer-moore.js:117:17)\n    at search (lib\\boyer-moore.js:117:17)\n    at search (lib\\boyer-moore.js:117:17)\n    at search (lib\\boyer-moore.js:117:17)\n    at search (lib\\boyer-moore.js:117:17)\n    at search (lib\\boyer-moore.js:117:17)\n    at search (lib\\boyer-moore.js:117:17)\n    at search (lib\\boyer-moore.js:117:17)\n    at search (lib\\boyer-moore.js:117:17)\n    at search (lib\\boyer-moore.js:117:17)\n    at search (lib\\boyer-moore.js:117:17)\n    at search (lib\\boyer-moore.js:117:17)\n    at search (lib\\boyer-moore.js:117:17)\n    at search (lib\\boyer-moore.js:117:17)\n    at search (lib\\boyer-moore.js:117:17)\n    at search (lib\\boyer-moore.js:117:17)\n    at search (lib\\boyer-moore.js:117:17)\n    at search (lib\\boyer-moore.js:117:17)\n    at search (lib\\boyer-moore.js:117:17)\n    at search (lib\\boyer-moore.js:117:17)\n    at search (lib\\boyer-moore.js:117:17)\n    at search (lib\\boyer-moore.js:117:17)\n    at search (lib\\boyer-moore.js:117:17)\n    at search (lib\\boyer-moore.js:117:17)\n    at search (lib\\boyer-moore.js:117:17)\n    at search (lib\\boyer-moore.js:117:17)\n    at search (lib\\boyer-moore.js:117:17)\n    at search (lib\\boyer-moore.js:117:17)\n    at search (lib\\boyer-moore.js:117:17)\n    at search (lib\\boyer-moore.js:117:17)\n    at search (lib\\boyer-moore.js:117:17)\n    at search (lib\\boyer-moore.js:117:17)\n    at search (lib\\boyer-moore.js:117:17)\n    at search (lib\\boyer-moore.js:117:17)\n    at search (lib\\boyer-moore.js:117:17)\n    at search (lib\\boyer-moore.js:117:17)\n    at search (lib\\boyer-moore.js:117:17)\n    at search (lib\\boyer-moore.js:117:17)\n    at search (lib\\boyer-moore.js:117:17)\n    at search (lib\\boyer-moore.js:117:17)\n    at search (lib\\boyer-moore.js:117:17)\n    at search (lib\\boyer-moore.js:117:17)\n    at search (lib\\boyer-moore.js:117:17)\n    at search (lib\\boyer-moore.js:117:17)\n    at search (lib\\boyer-moore.js:117:17)\n    at search (lib\\boyer-moore.js:117:17)\n    at search (lib\\boyer-moore.js:117:17)\n    at search (lib\\boyer-moore.js:117:17)\n    at search (lib\\boyer-moore.js:117:17)\n    at search (lib\\boyer-moore.js:117:17)\n    at search (lib\\boyer-moore.js:117:17)\n    at search (lib\\boyer-moore.js:117:17)\n    at search (lib\\boyer-moore.js:117:17)\n    at search (lib\\boyer-moore.js:117:17)\n    at search (lib\\boyer-moore.js:117:17)\n    at search (lib\\boyer-moore.js:117:17)\n    at search (lib\\boyer-moore.js:117:17)\n    at search (lib\\boyer-moore.js:117:17)\n    at search (lib\\boyer-moore.js:117:17)\n    at search (lib\\boyer-moore.js:117:17)\n    at search (lib\\boyer-moore.js:117:17)\n    at search (lib\\boyer-moore.js:117:17)\n    at search (lib\\boyer-moore.js:117:17)\n    at search (lib\\boyer-moore.js:117:17)\n    at search (lib\\boyer-moore.js:117:17)\n    at search (lib\\boyer-moore.js:117:17)\n    at search (lib\\boyer-moore.js:117:17)\n    at search (lib\\boyer-moore.js:117:17)\n    at search (lib\\boyer-moore.js:117:17)\n    at search (lib\\boyer-moore.js:117:17)\n    at search (lib\\boyer-moore.js:117:17)\n    at search (lib\\boyer-moore.js:117:17)\n    at search (lib\\boyer-moore.js:117:17)\n    at search (lib\\boyer-moore.js:117:17)\n    at search (lib\\boyer-moore.js:117:17)\n    at search (lib\\boyer-moore.js:117:17)\n    at search (lib\\boyer-moore.js:117:17)\n    at search (lib\\boyer-moore.js:117:17)\n    at search (lib\\boyer-moore.js:117:17)\n    at search (lib\\boyer-moore.js:117:17)\n    at search (lib\\boyer-moore.js:117:17)\n    at search (lib\\boyer-moore.js:117:17)\n    at search (lib\\boyer-moore.js:117:17)\n    at search (lib\\boyer-moore.js:117:17)\n    at search (lib\\boyer-moore.js:117:17)\n    at search (lib\\boyer-moore.js:117:17)\n    at search (lib\\boyer-moore.js:117:17)\n    at search (lib\\boyer-moore.js:117:17)\n    at search (lib\\boyer-moore.js:117:17)\n    at search (lib\\boyer-moore.js:117:17)\n    at search (lib\\boyer-moore.js:117:17)\n    at search (lib\\boyer-moore.js:117:17)\n    at search (lib\\boyer-moore.js:117:17)\n    at search (lib\\boyer-moore.js:117:17)\n    at search (lib\\boyer-moore.js:117:17)\n    at search (lib\\boyer-moore.js:117:17)\n    at search (lib\\boyer-moore.js:117:17)\n    at search (lib\\boyer-moore.js:117:17)\n    at search (lib\\boyer-moore.js:117:17)\n    at search (lib\\boyer-moore.js:117:17)\n    at search (lib\\boyer-moore.js:117:17)\n    at search (lib\\boyer-moore.js:117:17)\n    at search (lib\\boyer-moore.js:117:17)\n    at search (lib\\boyer-moore.js:117:17)\n    at search (lib\\boyer-moore.js:117:17)\n    at search (lib\\boyer-moore.js:117:17)\n    at search (lib\\boyer-moore.js:117:17)\n    at search (lib\\boyer-moore.js:117:17)\n    at search (lib\\boyer-moore.js:117:17)\n    at search (lib\\boyer-moore.js:117:17)\n    at search (lib\\boyer-moore.js:117:17)\n    at search (lib\\boyer-moore.js:117:17)\n    at search (lib\\boyer-moore.js:117:17)\n    at search (lib\\boyer-moore.js:117:17)\n    at search (lib\\boyer-moore.js:117:17)\n    at search (lib\\boyer-moore.js:117:17)\n    at search (lib\\boyer-moore.js:117:17)\n    at search (lib\\boyer-moore.js:117:17)\n    at search (lib\\boyer-moore.js:117:17)\n    at search (lib\\boyer-moore.js:117:17)\n    at search (lib\\boyer-moore.js:117:17)\n    at search (lib\\boyer-moore.js:117:17)\n    at search (lib\\boyer-moore.js:117:17)\n    at search (lib\\boyer-moore.js:117:17)\n    at search (lib\\boyer-moore.js:117:17)\n    at search (lib\\boyer-moore.js:117:17)\n    at search (lib\\boyer-moore.js:117:17)\n    at search (lib\\boyer-moore.js:117:17)\n    at search (lib\\boyer-moore.js:117:17)\n    at search (lib\\boyer-moore.js:117:17)\n    at search (lib\\boyer-moore.js:117:17)\n    at search (lib\\boyer-moore.js:117:17)\n    at search (lib\\boyer-moore.js:117:17)\n    at search (lib\\boyer-moore.js:117:17)\n    at search (lib\\boyer-moore.js:117:17)\n    at search (lib\\boyer-moore.js:117:17)\n    at search (lib\\boyer-moore.js:117:17)\n    at search (lib\\boyer-moore.js:117:17)\n    at search (lib\\boyer-moore.js:117:17)\n    at search (lib\\boyer-moore.js:117:17)\n    at search (lib\\boyer-moore.js:117:17)\n    at search (lib\\boyer-moore.js:117:17)\n    at search (lib\\boyer-moore.js:117:17)\n    at search (lib\\boyer-moore.js:117:17)\n    at search (lib\\boyer-moore.js:117:17)\n    at search (lib\\boyer-moore.js:117:17)\n    at search (lib\\boyer-moore.js:117:17)\n    at search (lib\\boyer-moore.js:117:17)\n    at search (lib\\boyer-moore.js:117:17)\n    at search (lib\\boyer-moore.js:117:17)\n    at search (lib\\boyer-moore.js:117:17)\n    at search (lib\\boyer-moore.js:117:17)\n    at search (lib\\boyer-moore.js:117:17)\n    at search (lib\\boyer-moore.js:117:17)\n    at search (lib\\boyer-moore.js:117:17)\n    at search (lib\\boyer-moore.js:117:17)\n    at search (lib\\boyer-moore.js:117:17)\n    at search (lib\\boyer-moore.js:117:17)\n    at search (lib\\boyer-moore.js:117:17)\n    at search (lib\\boyer-moore.js:117:17)\n    at search (lib\\boyer-moore.js:117:17)\n    at search (lib\\boyer-moore.js:117:17)\n    at search (lib\\boyer-moore.js:117:17)\n    at search (lib\\boyer-moore.js:117:17)\n    at search (lib\\boyer-moore.js:117:17)\n    at search (lib\\boyer-moore.js:117:17)\n    at search (lib\\boyer-moore.js:117:17)\n    at search (lib\\boyer-moore.js:117:17)\n    at search (lib\\boyer-moore.js:117:17)\n    at search (lib\\boyer-moore.js:117:17)\n    at search (lib\\boyer-moore.js:117:17)\n    at search (lib\\boyer-moore.js:117:17)\n    at search (lib\\boyer-moore.js:117:17)\n    at search (lib\\boyer-moore.js:117:17)\n    at search (lib\\boyer-moore.js:117:17)\n    at search (lib\\boyer-moore.js:117:17)\n    at search (lib\\boyer-moore.js:117:17)\n    at search (lib\\boyer-moore.js:117:17)\n    at search (lib\\boyer-moore.js:117:17)\n    at search (lib\\boyer-moore.js:117:17)\n    at search (lib\\boyer-moore.js:117:17)\n    at search (lib\\boyer-moore.js:117:17)\n    at search (lib\\boyer-moore.js:117:17)\n    at search (lib\\boyer-moore.js:117:17)\n    at search (lib\\boyer-moore.js:117:17)\n    at search (lib\\boyer-moore.js:117:17)\n    at search (lib\\boyer-moore.js:117:17)\n    at search (lib\\boyer-moore.js:117:17)\n    at search (lib\\boyer-moore.js:117:17)\n    at search (lib\\boyer-moore.js:117:17)\n    at search (lib\\boyer-moore.js:117:17)\n    at search (lib\\boyer-moore.js:117:17)\n    at search (lib\\boyer-moore.js:117:17)\n    at search (lib\\boyer-moore.js:117:17)\n    at search (lib\\boyer-moore.js:117:17)\n    at search (lib\\boyer-moore.js:117:17)\n    at search (lib\\boyer-moore.js:117:17)\n    at search (lib\\boyer-moore.js:117:17)\n    at search (lib\\boyer-moore.js:117:17)\n    at search (lib\\boyer-moore.js:117:17)\n    at search (lib\\boyer-moore.js:117:17)\n    at search (lib\\boyer-moore.js:117:17)\n    at search (lib\\boyer-moore.js:117:17)\n    at search (lib\\boyer-moore.js:117:17)\n    at search (lib\\boyer-moore.js:117:17)\n    at search (lib\\boyer-moore.js:117:17)\n    at search (lib\\boyer-moore.js:117:17)\n    at search (lib\\boyer-moore.js:117:17)\n    at search (lib\\boyer-moore.js:117:17)\n    at search (lib\\boyer-moore.js:117:17)\n    at search (lib\\boyer-moore.js:117:17)\n    at search (lib\\boyer-moore.js:117:17)\n    at search (lib\\boyer-moore.js:117:17)\n    at search (lib\\boyer-moore.js:117:17)\n    at search (lib\\boyer-moore.js:117:17)\n    at search (lib\\boyer-moore.js:117:17)\n    at search (lib\\boyer-moore.js:117:17)\n    at search (lib\\boyer-moore.js:117:17)\n    at search (lib\\boyer-moore.js:117:17)\n    at search (lib\\boyer-moore.js:117:17)\n    at search (lib\\boyer-moore.js:117:17)\n    at search (lib\\boyer-moore.js:117:17)\n    at search (lib\\boyer-moore.js:117:17)\n    at search (lib\\boyer-moore.js:117:17)\n    at search (lib\\boyer-moore.js:117:17)\n    at search (lib\\boyer-moore.js:117:17)\n    at search (lib\\boyer-moore.js:117:17)\n    at search (lib\\boyer-moore.js:117:17)\n    at search (lib\\boyer-moore.js:117:17)\n    at search (lib\\boyer-moore.js:117:17)\n    at search (lib\\boyer-moore.js:117:17)\n    at search (lib\\boyer-moore.js:117:17)\n    at search (lib\\boyer-moore.js:117:17)\n    at search (lib\\boyer-moore.js:117:17)\n    at search (lib\\boyer-moore.js:117:17)\n    at search (lib\\boyer-moore.js:117:17)\n    at search (lib\\boyer-moore.js:117:17)\n    at search (lib\\boyer-moore.js:117:17)\n    at search (lib\\boyer-moore.js:117:17)\n    at search (lib\\boyer-moore.js:117:17)\n    at search (lib\\boyer-moore.js:117:17)\n    at search (lib\\boyer-moore.js:117:17)\n    at search (lib\\boyer-moore.js:117:17)\n    at search (lib\\boyer-moore.js:117:17)\n    at search (lib\\boyer-moore.js:117:17)\n    at search (lib\\boyer-moore.js:117:17)\n    at search (lib\\boyer-moore.js:117:17)\n    at search (lib\\boyer-moore.js:117:17)\n    at search (lib\\boyer-moore.js:117:17)\n    at search (lib\\boyer-moore.js:117:17)\n    at search (lib\\boyer-moore.js:117:17)\n    at search (lib\\boyer-moore.js:117:17)\n    at search (lib\\boyer-moore.js:117:17)\n    at search (lib\\boyer-moore.js:117:17)\n    at search (lib\\boyer-moore.js:117:17)\n    at search (lib\\boyer-moore.js:117:17)\n    at search (lib\\boyer-moore.js:117:17)\n    at search (lib\\boyer-moore.js:117:17)\n    at search (lib\\boyer-moore.js:117:17)\n    at search (lib\\boyer-moore.js:117:17)\n    at search (lib\\boyer-moore.js:117:17)\n    at search (lib\\boyer-moore.js:117:17)\n    at search (lib\\boyer-moore.js:117:17)\n    at search (lib\\boyer-moore.js:117:17)\n    at search (lib\\boyer-moore.js:117:17)\n    at search (lib\\boyer-moore.js:117:17)\n    at search (lib\\boyer-moore.js:117:17)\n    at search (lib\\boyer-moore.js:117:17)\n    at search (lib\\boyer-moore.js:117:17)\n    at search (lib\\boyer-moore.js:117:17)\n    at search (lib\\boyer-moore.js:117:17)\n    at search (lib\\boyer-moore.js:117:17)\n    at search (lib\\boyer-moore.js:117:17)\n    at search (lib\\boyer-moore.js:117:17)\n    at search (lib\\boyer-moore.js:117:17)\n    at search (lib\\boyer-moore.js:117:17)\n    at search (lib\\boyer-moore.js:117:17)\n    at search (lib\\boyer-moore.js:117:17)\n    at search (lib\\boyer-moore.js:117:17)\n    at search (lib\\boyer-moore.js:117:17)\n    at search (lib\\boyer-moore.js:117:17)\n    at search (lib\\boyer-moore.js:117:17)\n    at search (lib\\boyer-moore.js:117:17)\n    at search (lib\\boyer-moore.js:117:17)\n    at search (lib\\boyer-moore.js:117:17)\n    at search (lib\\boyer-moore.js:117:17)\n    at search (lib\\boyer-moore.js:117:17)\n    at search (lib\\boyer-moore.js:117:17)\n    at search (lib\\boyer-moore.js:117:17)\n    at search (lib\\boyer-moore.js:117:17)\n    at search (lib\\boyer-moore.js:117:17)\n    at search (lib\\boyer-moore.js:117:17)\n    at search (lib\\boyer-moore.js:117:17)\n    at search (lib\\boyer-moore.js:117:17)\n    at search (lib\\boyer-moore.js:117:17)\n    at search (lib\\boyer-moore.js:117:17)\n    at search (lib\\boyer-moore.js:117:17)\n    at search (lib\\boyer-moore.js:117:17)\n    at search (lib\\boyer-moore.js:117:17)\n    at search (lib\\boyer-moore.js:117:17)\n    at search (lib\\boyer-moore.js:117:17)\n    at search (lib\\boyer-moore.js:117:17)\n    at search (lib\\boyer-moore.js:117:17)\n    at search (lib\\boyer-moore.js:117:17)\n    at search (lib\\boyer-moore.js:117:17)\n    at search (lib\\boyer-moore.js:117:17)\n    at search (lib\\boyer-moore.js:117:17)\n    at search (lib\\boyer-moore.js:117:17)\n    at search (lib\\boyer-moore.js:117:17)\n    at search (lib\\boyer-moore.js:117:17)\n    at search (lib\\boyer-moore.js:117:17)\n    at search (lib\\boyer-moore.js:117:17)\n    at search (lib\\boyer-moore.js:117:17)\n    at search (lib\\boyer-moore.js:117:17)\n    at search (lib\\boyer-moore.js:117:17)\n    at search (lib\\boyer-moore.js:117:17)\n    at search (lib\\boyer-moore.js:117:17)\n    at search (lib\\boyer-moore.js:117:17)\n    at search (lib\\boyer-moore.js:117:17)\n    at search (lib\\boyer-moore.js:117:17)\n    at search (lib\\boyer-moore.js:117:17)\n    at search (lib\\boyer-moore.js:117:17)\n    at search (lib\\boyer-moore.js:117:17)\n    at search (lib\\boyer-moore.js:117:17)\n    at search (lib\\boyer-moore.js:117:17)\n    at search (lib\\boyer-moore.js:117:17)\n    at search (lib\\boyer-moore.js:117:17)\n    at search (lib\\boyer-moore.js:117:17)\n    at search (lib\\boyer-moore.js:117:17)\n    at search (lib\\boyer-moore.js:117:17)\n    at search (lib\\boyer-moore.js:117:17)\n    at search (lib\\boyer-moore.js:117:17)\n    at search (lib\\boyer-moore.js:117:17)\n    at search (lib\\boyer-moore.js:117:17)\n    at search (lib\\boyer-moore.js:117:17)\n    at search (lib\\boyer-moore.js:117:17)\n    at search (lib\\boyer-moore.js:117:17)\n    at search (lib\\boyer-moore.js:117:17)\n    at search (lib\\boyer-moore.js:117:17)\n    at search (lib\\boyer-moore.js:117:17)\n    at search (lib\\boyer-moore.js:117:17)\n    at search (lib\\boyer-moore.js:117:17)\n    at search (lib\\boyer-moore.js:117:17)\n    at search (lib\\boyer-moore.js:117:17)\n    at search (lib\\boyer-moore.js:117:17)\n    at search (lib\\boyer-moore.js:117:17)\n    at search (lib\\boyer-moore.js:117:17)\n    at search (lib\\boyer-moore.js:117:17)\n    at search (lib\\boyer-moore.js:117:17)\n    at search (lib\\boyer-moore.js:117:17)\n    at search (lib\\boyer-moore.js:117:17)\n    at search (lib\\boyer-moore.js:117:17)\n    at search (lib\\boyer-moore.js:117:17)\n    at search (lib\\boyer-moore.js:117:17)\n    at search (lib\\boyer-moore.js:117:17)\n    at search (lib\\boyer-moore.js:117:17)\n    at search (lib\\boyer-moore.js:117:17)\n    at search (lib\\boyer-moore.js:117:17)\n    at search (lib\\boyer-moore.js:117:17)\n    at search (lib\\boyer-moore.js:117:17)\n    at search (lib\\boyer-moore.js:117:17)\n    at search (lib\\boyer-moore.js:117:17)\n    at search (lib\\boyer-moore.js:117:17)\n    at search (lib\\boyer-moore.js:117:17)\n    at search (lib\\boyer-moore.js:117:17)\n    at search (lib\\boyer-moore.js:117:17)\n    at search (lib\\boyer-moore.js:117:17)\n    at search (lib\\boyer-moore.js:117:17)\n    at search (lib\\boyer-moore.js:117:17)\n    at search (lib\\boyer-moore.js:117:17)\n    at search (lib\\boyer-moore.js:117:17)\n    at search (lib\\boyer-moore.js:117:17)\n    at search (lib\\boyer-moore.js:117:17)\n    at search (lib\\boyer-moore.js:117:17)\n    at search (lib\\boyer-moore.js:117:17)\n    at search (lib\\boyer-moore.js:117:17)\n    at search (lib\\boyer-moore.js:117:17)\n    at search (lib\\boyer-moore.js:117:17)\n    at search (lib\\boyer-moore.js:117:17)\n    at search (lib\\boyer-moore.js:117:17)\n    at search (lib\\boyer-moore.js:117:17)\n    at search (lib\\boyer-moore.js:117:17)\n    at search (lib\\boyer-moore.js:117:17)\n    at search (lib\\boyer-moore.js:117:17)\n    at search (lib\\boyer-moore.js:117:17)\n    at search (lib\\boyer-moore.js:117:17)\n    at search (lib\\boyer-moore.js:117:17)\n    at search (lib\\boyer-moore.js:117:17)\n    at search (lib\\boyer-moore.js:117:17)\n    at search (lib\\boyer-moore.js:117:17)\n    at search (lib\\boyer-moore.js:117:17)\n    at search (lib\\boyer-moore.js:117:17)\n    at search (lib\\boyer-moore.js:117:17)\n    at search (lib\\boyer-moore.js:117:17)\n    at search (lib\\boyer-moore.js:117:17)\n    at search (lib\\boyer-moore.js:117:17)\n    at search (lib\\boyer-moore.js:117:17)\n    at search (lib\\boyer-moore.js:117:17)\n    at search (lib\\boyer-moore.js:117:17)\n    at search (lib\\boyer-moore.js:117:17)\n    at search (lib\\boyer-moore.js:117:17)\n    at search (lib\\boyer-moore.js:117:17)\n    at search (lib\\boyer-moore.js:117:17)\n    at search (lib\\boyer-moore.js:117:17)\n    at search (lib\\boyer-moore.js:117:17)\n    at search (lib\\boyer-moore.js:117:17)\n    at search (lib\\boyer-moore.js:117:17)\n    at search (lib\\boyer-moore.js:117:17)\n    at search (lib\\boyer-moore.js:117:17)\n    at search (lib\\boyer-moore.js:117:17)\n    at search (lib\\boyer-moore.js:117:17)\n    at search (lib\\boyer-moore.js:117:17)\n    at search (lib\\boyer-moore.js:117:17)\n    at search (lib\\boyer-moore.js:117:17)\n    at search (lib\\boyer-moore.js:117:17)\n    at search (lib\\boyer-moore.js:117:17)\n    at search (lib\\boyer-moore.js:117:17)\n    at search (lib\\boyer-moore.js:117:17)\n    at search (lib\\boyer-moore.js:117:17)\n    at search (lib\\boyer-moore.js:117:17)\n    at search (lib\\boyer-moore.js:117:17)\n    at search (lib\\boyer-moore.js:117:17)\n    at search (lib\\boyer-moore.js:117:17)\n    at search (lib\\boyer-moore.js:117:17)\n    at search (lib\\boyer-moore.js:117:17)\n    at search (lib\\boyer-moore.js:117:17)\n    at search (lib\\boyer-moore.js:117:17)\n    at search (lib\\boyer-moore.js:117:17)\n    at search (lib\\boyer-moore.js:117:17)\n    at search (lib\\boyer-moore.js:117:17)\n    at search (lib\\boyer-moore.js:117:17)\n    at search (lib\\boyer-moore.js:117:17)\n    at search (lib\\boyer-moore.js:117:17)\n    at search (lib\\boyer-moore.js:117:17)\n    at search (lib\\boyer-moore.js:117:17)\n    at search (lib\\boyer-moore.js:117:17)\n    at search (lib\\boyer-moore.js:117:17)\n    at search (lib\\boyer-moore.js:117:17)\n    at search (lib\\boyer-moore.js:117:17)\n    at search (lib\\boyer-moore.js:117:17)\n    at search (lib\\boyer-moore.js:117:17)\n    at search (lib\\boyer-moore.js:117:17)\n    at search (lib\\boyer-moore.js:117:17)\n    at search (lib\\boyer-moore.js:117:17)\n    at search (lib\\boyer-moore.js:117:17)\n    at search (lib\\boyer-moore.js:117:17)\n    at search (lib\\boyer-moore.js:117:17)\n    at search (lib\\boyer-moore.js:117:17)\n    at search (lib\\boyer-moore.js:117:17)\n    at search (lib\\boyer-moore.js:117:17)\n    at search (lib\\boyer-moore.js:117:17)\n    at search (lib\\boyer-moore.js:117:17)\n    at search (lib\\boyer-moore.js:117:17)\n    at search (lib\\boyer-moore.js:117:17)\n    at search (lib\\boyer-moore.js:117:17)\n    at search (lib\\boyer-moore.js:117:17)\n    at search (lib\\boyer-moore.js:117:17)\n    at search (lib\\boyer-moore.js:117:17)\n    at search (lib\\boyer-moore.js:117:17)\n    at search (lib\\boyer-moore.js:117:17)\n    at search (lib\\boyer-moore.js:117:17)\n    at search (lib\\boyer-moore.js:117:17)\n    at search (lib\\boyer-moore.js:117:17)\n    at search (lib\\boyer-moore.js:117:17)\n    at search (lib\\boyer-moore.js:117:17)\n    at search (lib\\boyer-moore.js:117:17)\n    at search (lib\\boyer-moore.js:117:17)\n    at search (lib\\boyer-moore.js:117:17)\n    at search (lib\\boyer-moore.js:117:17)\n    at search (lib\\boyer-moore.js:117:17)\n    at search (lib\\boyer-moore.js:117:17)\n    at search (lib\\boyer-moore.js:117:17)\n    at search (lib\\boyer-moore.js:117:17)\n    at search (lib\\boyer-moore.js:117:17)\n    at search (lib\\boyer-moore.js:117:17)\n    at search (lib\\boyer-moore.js:117:17)\n    at search (lib\\boyer-moore.js:117:17)\n    at search (lib\\boyer-moore.js:117:17)\n    at search (lib\\boyer-moore.js:117:17)\n    at search (lib\\boyer-moore.js:117:17)\n    at search (lib\\boyer-moore.js:117:17)\n    at search (lib\\boyer-moore.js:117:17)\n    at search (lib\\boyer-moore.js:117:17)\n    at search (lib\\boyer-moore.js:117:17)\n    at search (lib\\boyer-moore.js:117:17)\n    at search (lib\\boyer-moore.js:117:17)\n    at search (lib\\boyer-moore.js:117:17)\n    at search (lib\\boyer-moore.js:117:17)\n    at search (lib\\boyer-moore.js:117:17)\n    at search (lib\\boyer-moore.js:117:17)\n    at search (lib\\boyer-moore.js:117:17)\n    at search (lib\\boyer-moore.js:117:17)\n    at search (lib\\boyer-moore.js:117:17)\n    at search (lib\\boyer-moore.js:117:17)\n    at search (lib\\boyer-moore.js:117:17)\n    at search (lib\\boyer-moore.js:117:17)\n    at search (lib\\boyer-moore.js:117:17)\n    at search (lib\\boyer-moore.js:117:17)\n    at search (lib\\boyer-moore.js:117:17)\n    at search (lib\\boyer-moore.js:117:17)\n    at search (lib\\boyer-moore.js:117:17)\n    at search (lib\\boyer-moore.js:117:17)\n    at search (lib\\boyer-moore.js:117:17)\n    at search (lib\\boyer-moore.js:117:17)\n    at search (lib\\boyer-moore.js:117:17)\n    at search (lib\\boyer-moore.js:117:17)\n    at search (lib\\boyer-moore.js:117:17)\n    at search (lib\\boyer-moore.js:117:17)\n    at search (lib\\boyer-moore.js:117:17)\n    at search (lib\\boyer-moore.js:117:17)\n    at search (lib\\boyer-moore.js:117:17)\n    at search (lib\\boyer-moore.js:117:17)\n    at search (lib\\boyer-moore.js:117:17)\n    at search (lib\\boyer-moore.js:117:17)\n    at search (lib\\boyer-moore.js:117:17)\n    at search (lib\\boyer-moore.js:117:17)\n    at search (lib\\boyer-moore.js:117:17)\n    at search (lib\\boyer-moore.js:117:17)\n    at search (lib\\boyer-moore.js:117:17)\n    at search (lib\\boyer-moore.js:117:17)\n    at search (lib\\boyer-moore.js:117:17)\n    at search (lib\\boyer-moore.js:117:17)\n    at search (lib\\boyer-moore.js:117:17)\n    at search (lib\\boyer-moore.js:117:17)\n    at search (lib\\boyer-moore.js:117:17)\n    at search (lib\\boyer-moore.js:117:17)\n    at search (lib\\boyer-moore.js:117:17)\n    at search (lib\\boyer-moore.js:117:17)\n    at search (lib\\boyer-moore.js:117:17)\n    at search (lib\\boyer-moore.js:117:17)\n    at search (lib\\boyer-moore.js:117:17)\n    at search (lib\\boyer-moore.js:117:17)\n    at search (lib\\boyer-moore.js:117:17)\n    at search (lib\\boyer-moore.js:117:17)\n    at search (lib\\boyer-moore.js:117:17)\n    at search (lib\\boyer-moore.js:117:17)\n    at search (lib\\boyer-moore.js:117:17)\n    at search (lib\\boyer-moore.js:117:17)\n    at search (lib\\boyer-moore.js:117:17)\n    at search (lib\\boyer-moore.js:117:17)\n    at search (lib\\boyer-moore.js:117:17)\n    at search (lib\\boyer-moore.js:117:17)\n    at search (lib\\boyer-moore.js:117:17)\n    at search (lib\\boyer-moore.js:117:17)\n    at search (lib\\boyer-moore.js:117:17)\n    at search (lib\\boyer-moore.js:117:17)\n    at search (lib\\boyer-moore.js:117:17)\n    at search (lib\\boyer-moore.js:117:17)\n    at search (lib\\boyer-moore.js:117:17)\n    at search (lib\\boyer-moore.js:117:17)\n    at search (lib\\boyer-moore.js:117:17)\n    at search (lib\\boyer-moore.js:117:17)\n    at search (lib\\boyer-moore.js:117:17)\n    at search (lib\\boyer-moore.js:117:17)\n    at search (lib\\boyer-moore.js:117:17)\n    at search (lib\\boyer-moore.js:117:17)\n    at search (lib\\boyer-moore.js:117:17)\n    at search (lib\\boyer-moore.js:117:17)\n    at search (lib\\boyer-moore.js:117:17)\n    at search (lib\\boyer-moore.js:117:17)\n    at search (lib\\boyer-moore.js:117:17)\n    at search (lib\\boyer-moore.js:117:17)\n    at search (lib\\boyer-moore.js:117:17)\n    at search (lib\\boyer-moore.js:117:17)\n    at search (lib\\boyer-moore.js:117:17)\n    at search (lib\\boyer-moore.js:117:17)\n    at search (lib\\boyer-moore.js:117:17)\n    at search (lib\\boyer-moore.js:117:17)\n    at search (lib\\boyer-moore.js:117:17)\n    at search (lib\\boyer-moore.js:117:17)\n    at search (lib\\boyer-moore.js:117:17)\n    at search (lib\\boyer-moore.js:117:17)\n    at search (lib\\boyer-moore.js:117:17)\n    at search (lib\\boyer-moore.js:117:17)\n    at search (lib\\boyer-moore.js:117:17)\n    at search (lib\\boyer-moore.js:117:17)\n    at search (lib\\boyer-moore.js:117:17)\n    at search (lib\\boyer-moore.js:117:17)\n    at search (lib\\boyer-moore.js:117:17)\n    at search (lib\\boyer-moore.js:117:17)\n    at search (lib\\boyer-moore.js:117:17)\n    at search (lib\\boyer-moore.js:117:17)\n    at search (lib\\boyer-moore.js:117:17)\n    at search (lib\\boyer-moore.js:117:17)\n    at search (lib\\boyer-moore.js:117:17)\n    at search (lib\\boyer-moore.js:117:17)\n    at search (lib\\boyer-moore.js:117:17)\n    at search (lib\\boyer-moore.js:117:17)\n    at search (lib\\boyer-moore.js:117:17)\n    at search (lib\\boyer-moore.js:117:17)\n    at search (lib\\boyer-moore.js:117:17)\n    at search (lib\\boyer-moore.js:117:17)\n    at search (lib\\boyer-moore.js:117:17)\n    at search (lib\\boyer-moore.js:117:17)\n    at search (lib\\boyer-moore.js:117:17)\n    at search (lib\\boyer-moore.js:117:17)\n    at search (lib\\boyer-moore.js:117:17)\n    at search (lib\\boyer-moore.js:117:17)\n    at search (lib\\boyer-moore.js:117:17)\n    at search (lib\\boyer-moore.js:117:17)\n    at search (lib\\boyer-moore.js:117:17)\n    at search (lib\\boyer-moore.js:117:17)\n    at search (lib\\boyer-moore.js:117:17)\n    at search (lib\\boyer-moore.js:117:17)\n    at search (lib\\boyer-moore.js:117:17)\n    at search (lib\\boyer-moore.js:117:17)\n    at search (lib\\boyer-moore.js:117:17)\n    at search (lib\\boyer-moore.js:117:17)\n    at search (lib\\boyer-moore.js:117:17)\n    at search (lib\\boyer-moore.js:117:17)\n    at search (lib\\boyer-moore.js:117:17)\n    at search (lib\\boyer-moore.js:117:17)\n    at search (lib\\boyer-moore.js:117:17)\n    at search (lib\\boyer-moore.js:117:17)\n    at search (lib\\boyer-moore.js:117:17)\n    at search (lib\\boyer-moore.js:117:17)\n    at search (lib\\boyer-moore.js:117:17)\n    at search (lib\\boyer-moore.js:117:17)\n    at search (lib\\boyer-moore.js:117:17)\n    at search (lib\\boyer-moore.js:117:17)\n    at search (lib\\boyer-moore.js:117:17)\n    at search (lib\\boyer-moore.js:117:17)\n    at search (lib\\boyer-moore.js:117:17)\n    at search (lib\\boyer-moore.js:117:17)\n    at search (lib\\boyer-moore.js:117:17)\n    at search (lib\\boyer-moore.js:117:17)\n    at search (lib\\boyer-moore.js:117:17)\n    at search (lib\\boyer-moore.js:117:17)\n    at search (lib\\boyer-moore.js:117:17)\n    at search (lib\\boyer-moore.js:117:17)\n    at search (lib\\boyer-moore.js:117:17)\n    at search (lib\\boyer-moore.js:117:17)\n    at search (lib\\boyer-moore.js:117:17)\n    at search (lib\\boyer-moore.js:117:17)\n    at search (lib\\boyer-moore.js:117:17)\n    at search (lib\\boyer-moore.js:117:17)\n    at search (lib\\boyer-moore.js:117:17)\n    at search (lib\\boyer-moore.js:117:17)\n    at search (lib\\boyer-moore.js:117:17)\n    at search (lib\\boyer-moore.js:117:17)\n    at search (lib\\boyer-moore.js:117:17)\n    at search (lib\\boyer-moore.js:117:17)\n    at search (lib\\boyer-moore.js:117:17)\n    at search (lib\\boyer-moore.js:117:17)\n    at search (lib\\boyer-moore.js:117:17)\n    at search (lib\\boyer-moore.js:117:17)\n    at search (lib\\boyer-moore.js:117:17)\n    at search (lib\\boyer-moore.js:117:17)\n    at search (lib\\boyer-moore.js:117:17)\n    at search (lib\\boyer-moore.js:117:17)\n    at search (lib\\boyer-moore.js:117:17)\n    at search (lib\\boyer-moore.js:117:17)\n    at search (lib\\boyer-moore.js:117:17)\n    at search (lib\\boyer-moore.js:117:17)\n    at search (lib\\boyer-moore.js:117:17)\n    at search (lib\\boyer-moore.js:117:17)\n    at search (lib\\boyer-moore.js:117:17)\n    at search (lib\\boyer-moore.js:117:17)\n    at search (lib\\boyer-moore.js:117:17)\n    at search (lib\\boyer-moore.js:117:17)\n    at search (lib\\boyer-moore.js:117:17)\n    at search (lib\\boyer-moore.js:117:17)\n    at search (lib\\boyer-moore.js:117:17)\n    at search (lib\\boyer-moore.js:117:17)\n    at search (lib\\boyer-moore.js:117:17)\n    at search (lib\\boyer-moore.js:117:17)\n    at search (lib\\boyer-moore.js:117:17)\n    at search (lib\\boyer-moore.js:117:17)\n    at search (lib\\boyer-moore.js:117:17)\n    at search (lib\\boyer-moore.js:117:17)\n    at search (lib\\boyer-moore.js:117:17)\n    at search (lib\\boyer-moore.js:117:17)\n    at search (lib\\boyer-moore.js:117:17)\n    at search (lib\\boyer-moore.js:117:17)\n    at search (lib\\boyer-moore.js:117:17)\n    at search (lib\\boyer-moore.js:117:17)\n    at search (lib\\boyer-moore.js:117:17)\n    at search (lib\\boyer-moore.js:117:17)\n    at search (lib\\boyer-moore.js:117:17)\n    at search (lib\\boyer-moore.js:117:17)\n    at search (lib\\boyer-moore.js:117:17)\n    at search (lib\\boyer-moore.js:117:17)\n    at search (lib\\boyer-moore.js:117:17)\n    at search (lib\\boyer-moore.js:117:17)\n    at search (lib\\boyer-moore.js:117:17)\n    at search (lib\\boyer-moore.js:117:17)\n    at search (lib\\boyer-moore.js:117:17)\n    at search (lib\\boyer-moore.js:117:17)\n    at search (lib\\boyer-moore.js:117:17)\n    at search (lib\\boyer-moore.js:117:17)\n    at search (lib\\boyer-moore.js:117:17)\n    at search (lib\\boyer-moore.js:117:17)\n    at search (lib\\boyer-moore.js:117:17)\n    at search (lib\\boyer-moore.js:117:17)\n    at search (lib\\boyer-moore.js:117:17)\n    at search (lib\\boyer-moore.js:117:17)\n    at search (lib\\boyer-moore.js:117:17)\n    at search (lib\\boyer-moore.js:117:17)\n    at search (lib\\boyer-moore.js:117:17)\n    at search (lib\\boyer-moore.js:117:17)\n    at search (lib\\boyer-moore.js:117:17)\n    at search (lib\\boyer-moore.js:117:17)\n    at search (lib\\boyer-moore.js:117:17)\n    at search (lib\\boyer-moore.js:117:17)\n    at search (lib\\boyer-moore.js:117:17)\n    at search (lib\\boyer-moore.js:117:17)\n    at search (lib\\boyer-moore.js:117:17)\n    at search (lib\\boyer-moore.js:117:17)\n    at search (lib\\boyer-moore.js:117:17)\n    at search (lib\\boyer-moore.js:117:17)\n    at search (lib\\boyer-moore.js:117:17)\n    at search (lib\\boyer-moore.js:117:17)\n    at search (lib\\boyer-moore.js:117:17)\n    at search (lib\\boyer-moore.js:117:17)\n    at search (lib\\boyer-moore.js:117:17)\n    at search (lib\\boyer-moore.js:117:17)\n    at search (lib\\boyer-moore.js:117:17)\n    at search (lib\\boyer-moore.js:117:17)\n    at search (lib\\boyer-moore.js:117:17)\n    at search (lib\\boyer-moore.js:117:17)\n    at search (lib\\boyer-moore.js:117:17)\n    at search (lib\\boyer-moore.js:117:17)\n    at search (lib\\boyer-moore.js:117:17)\n    at search (lib\\boyer-moore.js:117:17)\n    at search (lib\\boyer-moore.js:117:17)\n    at search (lib\\boyer-moore.js:117:17)\n    at search (lib\\boyer-moore.js:117:17)\n    at search (lib\\boyer-moore.js:117:17)\n    at search (lib\\boyer-moore.js:117:17)\n    at search (lib\\boyer-moore.js:117:17)\n    at search (lib\\boyer-moore.js:117:17)\n    at search (lib\\boyer-moore.js:117:17)\n    at search (lib\\boyer-moore.js:117:17)\n    at search (lib\\boyer-moore.js:117:17)\n    at search (lib\\boyer-moore.js:117:17)\n    at search (lib\\boyer-moore.js:117:17)\n    at search (lib\\boyer-moore.js:117:17)\n    at search (lib\\boyer-moore.js:117:17)\n    at search (lib\\boyer-moore.js:117:17)\n    at search (lib\\boyer-moore.js:117:17)\n    at search (lib\\boyer-moore.js:117:17)\n    at search (lib\\boyer-moore.js:117:17)\n    at search (lib\\boyer-moore.js:117:17)\n    at search (lib\\boyer-moore.js:117:17)\n    at search (lib\\boyer-moore.js:117:17)\n    at search (lib\\boyer-moore.js:117:17)\n    at search (lib\\boyer-moore.js:117:17)\n    at search (lib\\boyer-moore.js:117:17)\n    at search (lib\\boyer-moore.js:117:17)\n    at search (lib\\boyer-moore.js:117:17)\n    at search (lib\\boyer-moore.js:117:17)\n    at search (lib\\boyer-moore.js:117:17)\n    at search (lib\\boyer-moore.js:117:17)\n    at search (lib\\boyer-moore.js:117:17)\n    at search (lib\\boyer-moore.js:117:17)\n    at search (lib\\boyer-moore.js:117:17)\n    at search (lib\\boyer-moore.js:117:17)\n    at search (lib\\boyer-moore.js:117:17)\n    at search (lib\\boyer-moore.js:117:17)\n    at search (lib\\boyer-moore.js:117:17)\n    at search (lib\\boyer-moore.js:117:17)\n    at search (lib\\boyer-moore.js:117:17)\n    at search (lib\\boyer-moore.js:117:17)\n    at search (lib\\boyer-moore.js:117:17)\n    at search (lib\\boyer-moore.js:117:17)\n    at search (lib\\boyer-moore.js:117:17)\n    at search (lib\\boyer-moore.js:117:17)\n    at search (lib\\boyer-moore.js:117:17)\n    at search (lib\\boyer-moore.js:117:17)\n    at search (lib\\boyer-moore.js:117:17)\n    at search (lib\\boyer-moore.js:117:17)\n    at search (lib\\boyer-moore.js:117:17)\n    at search (lib\\boyer-moore.js:117:17)\n    at search (lib\\boyer-moore.js:117:17)\n    at search (lib\\boyer-moore.js:117:17)\n    at search (lib\\boyer-moore.js:117:17)\n    at search (lib\\boyer-moore.js:117:17)\n    at search (lib\\boyer-moore.js:117:17)\n    at search (lib\\boyer-moore.js:117:17)\n    at search (lib\\boyer-moore.js:117:17)\n    at search (lib\\boyer-moore.js:117:17)\n    at search (lib\\boyer-moore.js:117:17)\n    at search (lib\\boyer-moore.js:117:17)\n    at search (lib\\boyer-moore.js:117:17)\n    at search (lib\\boyer-moore.js:117:17)\n    at search (lib\\boyer-moore.js:117:17)\n    at search (lib\\boyer-moore.js:117:17)\n    at search (lib\\boyer-moore.js:117:17)\n    at search (lib\\boyer-moore.js:117:17)\n    at search (lib\\boyer-moore.js:117:17)\n    at search (lib\\boyer-moore.js:117:17)\n    at search (lib\\boyer-moore.js:117:17)\n    at search (lib\\boyer-moore.js:117:17)\n    at search (lib\\boyer-moore.js:117:17)\n    at search (lib\\boyer-moore.js:117:17)\n    at search (lib\\boyer-moore.js:117:17)\n    at search (lib\\boyer-moore.js:117:17)\n    at search (lib\\boyer-moore.js:117:17)\n    at search (lib\\boyer-moore.js:117:17)\n    at search (lib\\boyer-moore.js:117:17)\n    at search (lib\\boyer-moore.js:117:17)\n    at search (lib\\boyer-moore.js:117:17)\n    at search (lib\\boyer-moore.js:117:17)\n    at search (lib\\boyer-moore.js:117:17)\n    at search (lib\\boyer-moore.js:117:17)\n    at search (lib\\boyer-moore.js:117:17)\n    at search (lib\\boyer-moore.js:117:17)\n    at search (lib\\boyer-moore.js:117:17)\n    at search (lib\\boyer-moore.js:117:17)\n    at search (lib\\boyer-moore.js:117:17)\n    at search (lib\\boyer-moore.js:117:17)\n    at search (lib\\boyer-moore.js:117:17)\n    at search (lib\\boyer-moore.js:117:17)\n    at search (lib\\boyer-moore.js:117:17)\n    at search (lib\\boyer-moore.js:117:17)\n    at search (lib\\boyer-moore.js:117:17)\n    at search (lib\\boyer-moore.js:117:17)\n    at search (lib\\boyer-moore.js:117:17)\n    at search (lib\\boyer-moore.js:117:17)\n    at search (lib\\boyer-moore.js:117:17)\n    at search (lib\\boyer-moore.js:117:17)\n    at search (lib\\boyer-moore.js:117:17)\n    at search (lib\\boyer-
[...]
earch (lib\\boyer-moore.js:117:17)\n    at search (lib\\boyer-moore.js:117:17)\n    at search (lib\\boyer-moore.js:117:17)\n    at search (lib\\boyer-moore.js:117:17)\n    at search (lib\\boyer-moore.js:117:17)\n    at search (lib\\boyer-moore.js:117:17)\n    at search (lib\\boyer-moore.js:117:17)\n    at search (lib\\boyer-moore.js:117:17)\n    at search (lib\\boyer-moore.js:117:17)\n    at search (lib\\boyer-moore.js:117:17)\n    at search (lib\\boyer-moore.js:117:17)\n    at search (lib\\boyer-moore.js:117:17)\n    at search (lib\\boyer-moore.js:117:17)\n    at search (lib\\boyer-moore.js:117:17)\n    at search (lib\\boyer-moore.js:117:17)\n    at search (lib\\boyer-moore.js:117:17)\n    at search (lib\\boyer-moore.js:117:17)\n    at search (lib\\boyer-moore.js:117:17)\n    at search (lib\\boyer-moore.js:117:17)\n    at search (lib\\boyer-moore.js:117:17)\n    at search (lib\\boyer-moore.js:117:17)\n    at search (lib\\boyer-moore.js:117:17)\n    at search (lib\\boyer-moore.js:117:17)\n    at search (lib\\boyer-moore.js:117:17)\n    at search (lib\\boyer-moore.js:117:17)\n    at search (lib\\boyer-moore.js:117:17)\n    at search (lib\\boyer-moore.js:117:17)\n    at search (lib\\boyer-moore.js:117:17)\n    at search (lib\\boyer-moore.js:117:17)\n    at search (lib\\boyer-moore.js:117:17)\n    at search (lib\\boyer-moore.js:117:17)\n    at search (lib\\boyer-moore.js:117:17)\n    at search (lib\\boyer-moore.js:117:17)\n    at search (lib\\boyer-moore.js:117:17)\n    at search (lib\\boyer-moore.js:117:17)\n    at search (lib\\boyer-moore.js:117:17)\n    at search (lib\\boyer-moore.js:117:17)\n    at search (lib\\boyer-moore.js:117:17)\n    at search (lib\\boyer-moore.js:117:17)\n    at search (lib\\boyer-moore.js:117:17)\n    at search (lib\\boyer-moore.js:117:17)\n    at search (lib\\boyer-moore.js:117:17)\n    at search (lib\\boyer-moore.js:117:17)\n    at search (lib\\boyer-moore.js:117:17)\n    at search (lib\\boyer-moore.js:117:17)\n    at search (lib\\boyer-moore.js:117:17)\n    at search (lib\\boyer-moore.js:117:17)\n    at search (lib\\boyer-moore.js:117:17)\n    at search (lib\\boyer-moore.js:117:17)\n    at search (lib\\boyer-moore.js:117:17)\n    at search (lib\\boyer-moore.js:117:17)\n    at search (lib\\boyer-moore.js:117:17)\n    at search (lib\\boyer-moore.js:117:17)\n    at search (lib\\boyer-moore.js:117:17)\n    at search (lib\\boyer-moore.js:117:17)\n    at search (lib\\boyer-moore.js:117:17)\n    at search (lib\\boyer-moore.js:117:17)\n    at search (lib\\boyer-moore.js:117:17)\n    at search (lib\\boyer-moore.js:117:17)\n    at search (lib\\boyer-moore.js:117:17)\n    at search (lib\\boyer-moore.js:117:17)\n    at search (lib\\boyer-moore.js:117:17)\n    at search (lib\\boyer-moore.js:117:17)\n    at search (lib\\boyer-moore.js:117:17)\n    at search (lib\\boyer-moore.js:117:17)\n    at search (lib\\boyer-moore.js:117:17)\n    at search (lib\\boyer-moore.js:117:17)\n    at search (lib\\boyer-moore.js:117:17)\n    at search (lib\\boyer-moore.js:117:17)\n    at search (lib\\boyer-moore.js:117:17)\n    at search (lib\\boyer-moore.js:117:17)\n    at search (lib\\boyer-moore.js:117:17)\n    at search (lib\\boyer-moore.js:117:17)\n    at search (lib\\boyer-moore.js:117:17)\n    at search (lib\\boyer-moore.js:117:17)\n    at search (lib\\boyer-moore.js:117:17)\n    at search (lib\\boyer-moore.js:117:17)\n    at search (lib\\boyer-moore.js:117:17)\n    at search (lib\\boyer-moore.js:117:17)\n    at search (lib\\boyer-moore.js:117:17)\n    at search (lib\\boyer-moore.js:117:17)\n    at search (lib\\boyer-moore.js:117:17)\n    at search (lib\\boyer-moore.js:117:17)\n    at search (lib\\boyer-moore.js:117:17)\n    at search (lib\\boyer-moore.js:117:17)\n    at search (lib\\boyer-moore.js:117:17)\n    at search (lib\\boyer-moore.js:117:17)\n    at search (lib\\boyer-moore.js:117:17)\n    at search (lib\\boyer-moore.js:117:17)\n    at search (lib\\boyer-moore.js:117:17)\n    at search (lib\\boyer-moore.js:117:17)\n    at search (lib\\boyer-moore.js:117:17)\n    at search (lib\\boyer-moore.js:117:17)\n    at search (lib\\boyer-moore.js:117:17)\n    at search (lib\\boyer-moore.js:117:17)\n    at search (lib\\boyer-moore.js:117:17)\n    at search (lib\\boyer-moore.js:117:17)\n    at search (lib\\boyer-moore.js:117:17)\n    at search (lib\\boyer-moore.js:117:17)\n    at search (lib\\boyer-moore.js:117:17)\n    at search (lib\\boyer-moore.js:117:17)\n    at search (lib\\boyer-moore.js:117:17)\n    at search (lib\\boyer-moore.js:117:17)\n    at search (lib\\boyer-moore.js:117:17)\n    at search (lib\\boyer-moore.js:117:17)\n    at search (lib\\boyer-moore.js:117:17)\n    at search (lib\\boyer-moore.js:117:17)\n    at search (lib\\boyer-moore.js:117:17)\n    at search (lib\\boyer-moore.js:117:17)\n    at search (lib\\boyer-moore.js:117:17)\n    at search (lib\\boyer-moore.js:117:17)\n    at search (lib\\boyer-moore.js:117:17)\n    at search (lib\\boyer-moore.js:117:17)\n    at search (lib\\boyer-moore.js:117:17)\n    at search (lib\\boyer-moore.js:117:17)\n    at search (lib\\boyer-moore.js:117:17)\n    at search (lib\\boyer-moore.js:117:17)\n    at search (lib\\boyer-moore.js:117:17)\n    at search (lib\\boyer-moore.js:117:17)\n    at search (lib\\boyer-moore.js:117:17)\n    at search (lib\\boyer-moore.js:117:17)\n    at search (lib\\boyer-moore.js:117:17)\n    at search (lib\\boyer-moore.js:117:17)\n    at search (lib\\boyer-moore.js:117:17)\n    at search (lib\\boyer-moore.js:117:17)\n    at search (lib\\boyer-moore.js:117:17)\n    at search (lib\\boyer-moore.js:117:17)\n    at search (lib\\boyer-moore.js:117:17)\n    at search (lib\\boyer-moore.js:117:17)\n    at search (lib\\boyer-moore.js:117:17)\n    at search (lib\\boyer-moore.js:117:17)\n    at search (lib\\boyer-moore.js:117:17)\n    at search (lib\\boyer-moore.js:117:17)\n    at search (lib\\boyer-moore.js:117:17)\n    at search (lib\\boyer-moore.js:117:17)\n    at search (lib\\boyer-moore.js:117:17)\n    at search (lib\\boyer-moore.js:117:17)\n    at search (lib\\boyer-moore.js:117:17)\n    at search (lib\\boyer-moore.js:117:17)\n    at search (lib\\boyer-moore.js:117:17)\n    at search (lib\\boyer-moore.js:117:17)\n    at search (lib\\boyer-moore.js:117:17)\n    at search (lib\\boyer-moore.js:117:17)\n    at search (lib\\boyer-moore.js:117:17)\n    at search (lib\\boyer-moore.js:117:17)\n    at search (lib\\boyer-moore.js:117:17)\n    at search (lib\\boyer-moore.js:117:17)\n    at search (lib\\boyer-moore.js:117:17)\n    at search (lib\\boyer-moore.js:117:17)\n    at search (lib\\boyer-moore.js:117:17)\n    at search (lib\\boyer-moore.js:117:17)\n    at search (lib\\boyer-moore.js:117:17)\n    at search (lib\\boyer-moore.js:117:17)\n    at search (lib\\boyer-moore.js:117:17)\n    at search (lib\\boyer-moore.js:117:17)\n    at search (lib\\boyer-moore.js:117:17)\n    at search (lib\\boyer-moore.js:117:17)\n    at search (lib\\boyer-moore.js:117:17)\n    at search (lib\\boyer-moore.js:117:17)\n    at search (lib\\boyer-moore.js:117:17)\n    at search (lib\\boyer-moore.js:117:17)\n    at search (lib\\boyer-moore.js:117:17)\n    at search (lib\\boyer-moore.js:117:17)\n    at search (lib\\boyer-moore.js:117:17)\n    at search (lib\\boyer-moore.js:117:17)\n    at search (lib\\boyer-moore.js:117:17)\n    at search (lib\\boyer-moore.js:117:17)\n    at search (lib\\boyer-moore.js:117:17)\n    at search (lib\\boyer-moore.js:117:17)\n    at search (lib\\boyer-moore.js:117:17)\n    at search (lib\\boyer-moore.js:117:17)\n    at search (lib\\boyer-moore.js:117:17)\n    at search (lib\\boyer-moore.js:117:17)\n    at search (lib\\boyer-moore.js:117:17)\n    at search (lib\\boyer-moore.js:117:17)\n    at search (lib\\boyer-moore.js:117:17)\n    at search (lib\\boyer-moore.js:117:17)\n    at search (lib\\boyer-moore.js:117:17)\n    at search (lib\\boyer-moore.js:117:17)\n    at search (lib\\boyer-moore.js:117:17)\n    at search (lib\\boyer-moore.js:117:17)\n    at search (lib\\boyer-moore.js:117:17)\n    at search (lib\\boyer-moore.js:117:17)\n    at search (lib\\boyer-moore.js:117:17)\n    at search (lib\\boyer-moore.js:117:17)\n    at search (lib\\boyer-moore.js:117:17)\n    at search (lib\\boyer-moore.js:117:17)\n    at search (lib\\boyer-moore.js:117:17)\n    at search (lib\\boyer-moore.js:117:17)\n    at search (lib\\boyer-moore.js:117:17)\n    at search (lib\\boyer-moore.js:117:17)\n    at search (lib\\boyer-moore.js:117:17)\n    at search (lib\\boyer-moore.js:117:17)\n    at search (lib\\boyer-moore.js:117:17)\n    at search (lib\\boyer-moore.js:117:17)\n    at search (lib\\boyer-moore.js:117:17)\n    at search (lib\\boyer-moore.js:117:17)\n    at search (lib\\boyer-moore.js:117:17)\n    at search (lib\\boyer-moore.js:117:17)\n    at search (lib\\boyer-moore.js:117:17)\n    at search (lib\\boyer-moore.js:117:17)\n    at search (lib\\boyer-moore.js:117:17)\n    at search (lib\\boyer-moore.js:117:17)\n    at search (lib\\boyer-moore.js:117:17)\n    at search (lib\\boyer-moore.js:117:17)\n    at search (lib\\boyer-moore.js:117:17)\n    at search (lib\\boyer-moore.js:117:17)\n    at search (lib\\boyer-moore.js:117:17)\n    at search (lib\\boyer-moore.js:117:17)\n    at search (lib\\boyer-moore.js:117:17)\n    at search (lib\\boyer-moore.js:117:17)\n    at search (lib\\boyer-moore.js:117:17)\n    at search (lib\\boyer-moore.js:117:17)\n    at search (lib\\boyer-moore.js:117:17)\n    at search (lib\\boyer-moore.js:117:17)\n    at search (lib\\boyer-moore.js:117:17)\n    at search (lib\\boyer-moore.js:117:17)\n    at search (lib\\boyer-moore.js:117:17)\n    at search (lib\\boyer-moore.js:117:17)\n    at search (lib\\boyer-moore.js:117:17)\n    at search (lib\\boyer-moore.js:117:17)\n    at search (lib\\boyer-moore.js:117:17)\n    at search (lib\\boyer-moore.js:117:17)\n    at search (lib\\boyer-moore.js:117:17)\n    at search (lib\\boyer-moore.js:117:17)\n    at search (lib\\boyer-moore.js:117:17)\n    at search (lib\\boyer-moore.js:117:17)\n    at search (lib\\boyer-moore.js:117:17)\n    at search (lib\\boyer-moore.js:117:17)\n    at search (lib\\boyer-moore.js:117:17)\n    at search (lib\\boyer-moore.js:117:17)\n    at search (lib\\boyer-moore.js:117:17)\n    at search (lib\\boyer-moore.js:117:17)\n    at search (lib\\boyer-moore.js:117:17)\n    at search (lib\\boyer-moore.js:117:17)\n    at search (lib\\boyer-moore.js:117:17)\n    at search (lib\\boyer-moore.js:117:17)\n    at search (lib\\boyer-moore.js:117:17)\n    at search (lib\\boyer-moore.js:117:17)\n    at search (lib\\boyer-moore.js:117:17)\n    at search (lib\\boyer-moore.js:117:17)\n    at search (lib\\boyer-moore.js:117:17)\n    at search (lib\\boyer-moore.js:117:17)\n    at search (lib\\boyer-moore.js:117:17)\n    at search (lib\\boyer-moore.js:117:17)\n    at search (lib\\boyer-moore.js:117:17)\n    at search (lib\\boyer-moore.js:117:17)\n    at search (lib\\boyer-moore.js:117:17)\n    at search (lib\\boyer-moore.js:117:17)\n    at search (lib\\boyer-moore.js:117:17)\n    at search (lib\\boyer-moore.js:117:17)\n    at search (lib\\boyer-moore.js:117:17)\n    at search (lib\\boyer-moore.js:117:17)\n    at search (lib\\boyer-moore.js:117:17)\n    at search (lib\\boyer-moore.js:117:17)\n    at search (lib\\boyer-moore.js:117:17)\n    at search (lib\\boyer-moore.js:117:17)\n    at search (lib\\boyer-moore.js:117:17)\n    at search (lib\\boyer-moore.js:117:17)\n    at search (lib\\boyer-moore.js:117:17)\n    at search (lib\\boyer-moore.js:117:17)\n    at search (lib\\boyer-moore.js:117:17)\n    at search (lib\\boyer-moore.js:117:17)\n    at search (lib\\boyer-moore.js:117:17)\n    at search (lib\\boyer-moore.js:117:17)\n    at search (lib\\boyer-moore.js:117:17)\n    at search (lib\\boyer-moore.js:117:17)\n    at search (lib\\boyer-moore.js:117:17)\n    at search (lib\\boyer-moore.js:117:17)\n    at search (lib\\boyer-moore.js:117:17)\n    at search (lib\\boyer-moore.js:117:17)\n    at search (lib\\boyer-moore.js:117:17)\n    at search (lib\\boyer-moore.js:117:17)\n    at search (lib\\boyer-moore.js:117:17)\n    at search (lib\\boyer-moore.js:117:17)\n    at search (lib\\boyer-moore.js:117:17)\n    at search (lib\\boyer-moore.js:117:17)\n    at search (lib\\boyer-moore.js:117:17)\n    at search (lib\\boyer-moore.js:117:17)\n    at search (lib\\boyer-moore.js:117:17)\n    at search (lib\\boyer-moore.js:117:17)\n    at search (lib\\boyer-moore.js:117:17)\n    at search (lib\\boyer-moore.js:117:17)\n    at search (lib\\boyer-moore.js:117:17)\n    at search (lib\\boyer-moore.js:117:17)\n    at search (lib\\boyer-moore.js:117:17)\n    at search (lib\\boyer-moore.js:117:17)\n    at search (lib\\boyer-moore.js:117:17)\n    at search (lib\\boyer-moore.js:117:17)\n    at search (lib\\boyer-moore.js:117:17)\n    at search (lib\\boyer-moore.js:117:17)\n    at search (lib\\boyer-moore.js:117:17)\n    at search (lib\\boyer-moore.js:117:17)\n    at search (lib\\boyer-moore.js:117:17)\n    at search (lib\\boyer-moore.js:117:17)\n    at search (lib\\boyer-moore.js:117:17)\n    at search (lib\\boyer-moore.js:117:17)\n    at search (lib\\boyer-moore.js:117:17)\n    at search (lib\\boyer-moore.js:117:17)\n    at search (lib\\boyer-moore.js:117:17)\n    at search (lib\\boyer-moore.js:117:17)\n    at search (lib\\boyer-moore.js:117:17)\n    at search (lib\\boyer-moore.js:117:17)\n    at search (lib\\boyer-moore.js:117:17)\n    at search (lib\\boyer-moore.js:117:17)\n    at search (lib\\boyer-moore.js:117:17)\n    at search (lib\\boyer-moore.js:117:17)\n    at search (lib\\boyer-moore.js:117:17)\n    at search (lib\\boyer-moore.js:117:17)\n    at search (lib\\boyer-moore.js:117:17)\n    at search (lib\\boyer-moore.js:117:17)\n    at search (lib\\boyer-moore.js:117:17)\n    at search (lib\\boyer-moore.js:117:17)\n    at search (lib\\boyer-moore.js:117:17)\n    at search (lib\\boyer-moore.js:117:17)\n    at search (lib\\boyer-moore.js:117:17)\n    at search (lib\\boyer-moore.js:117:17)\n    at search (lib\\boyer-moore.js:117:17)\n    at search (lib\\boyer-moore.js:117:17)\n    at search (lib\\boyer-moore.js:117:17)\n    at search (lib\\boyer-moore.js:117:17)\n    at search (lib\\boyer-moore.js:117:17)\n    at search (lib\\boyer-moore.js:117:17)\n    at search (lib\\boyer-moore.js:117:17)\n    at search (lib\\boyer-moore.js:117:17)\n    at search (lib\\boyer-moore.js:117:17)\n    at search (lib\\boyer-moore.js:117:17)\n    at search (lib\\boyer-moore.js:117:17)\n    at search (lib\\boyer-moore.js:117:17)\n    at search (lib\\boyer-moore.js:117:17)\n    at search (lib\\boyer-moore.js:117:17)\n    at search (lib\\boyer-moore.js:117:17)\n    at search (lib\\boyer-moore.js:117:17)\n    at search (lib\\boyer-moore.js:117:17)\n    at search (lib\\boyer-moore.js:117:17)\n    at search (lib\\boyer-moore.js:117:17)\n    at search (lib\\boyer-moore.js:117:17)\n    at search (lib\\boyer-moore.js:117:17)\n    at search (lib\\boyer-moore.js:117:17)\n    at search (lib\\boyer-moore.js:117:17)\n    at search (lib\\boyer-moore.js:117:17)\n    at search (lib\\boyer-moore.js:117:17)\n    at search (lib\\boyer-moore.js:117:17)\n    at search (lib\\boyer-moore.js:117:17)\n    at search (lib\\boyer-moore.js:117:17)\n    at search (lib\\boyer-moore.js:117:17)\n    at search (lib\\boyer-moore.js:117:17)\n    at search (lib\\boyer-moore.js:117:17)\n    at search (lib\\boyer-moore.js:117:17)\n    at search (lib\\boyer-moore.js:117:17)\n    at search (lib\\boyer-moore.js:117:17)\n    at search (lib\\boyer-moore.js:117:17)\n    at search (lib\\boyer-moore.js:117:17)\n    at search (lib\\boyer-moore.js:117:17)\n    at search (lib\\boyer-moore.js:117:17)\n    at search (lib\\boyer-moore.js:117:17)\n    at search (lib\\boyer-moore.js:117:17)\n    at search (lib\\boyer-moore.js:117:17)\n    at search (lib\\boyer-moore.js:117:17)\n    at search (lib\\boyer-moore.js:117:17)\n    at search (lib\\boyer-moore.js:117:17)\n    at search (lib\\boyer-moore.js:117:17)\n    at search (lib\\boyer-moore.js:117:17)\n    at search (lib\\boyer-moore.js:117:17)\n    at search (lib\\boyer-moore.js:117:17)\n    at search (lib\\boyer-moore.js:117:17)\n    at search (lib\\boyer-moore.js:117:17)\n    at search (lib\\boyer-moore.js:117:17)\n    at search (lib\\boyer-moore.js:117:17)\n    at search (lib\\boyer-moore.js:117:17)\n    at search (lib\\boyer-moore.js:117:17)\n    at search (lib\\boyer-moore.js:117:17)\n    at search (lib\\boyer-moore.js:117:17)\n    at search (lib\\boyer-moore.js:117:17)\n    at search (lib\\boyer-moore.js:117:17)\n    at search (lib\\boyer-moore.js:117:17)\n    at search (lib\\boyer-moore.js:117:17)\n    at search (lib\\boyer-moore.js:117:17)\n    at search (lib\\boyer-moore.js:117:17)\n    at search (lib\\boyer-moore.js:117:17)\n    at search (lib\\boyer-moore.js:117:17)\n    at search (lib\\boyer-moore.js:117:17)\n    at search (lib\\boyer-moore.js:117:17)\n    at search (lib\\boyer-moore.js:117:17)\n    at search (lib\\boyer-moore.js:117:17)\n    at search (lib\\boyer-moore.js:117:17)\n    at search (lib\\boyer-moore.js:117:17)\n    at search (lib\\boyer-moore.js:117:17)\n    at search (lib\\boyer-moore.js:117:17)\n    at search (lib\\boyer-moore.js:117:17)\n    at search (lib\\boyer-moore.js:117:17)\n    at search (lib\\boyer-moore.js:117:17)\n    at search (lib\\boyer-moore.js:117:17)\n    at search (lib\\boyer-moore.js:117:17)\n    at search (lib\\boyer-moore.js:117:17)\n    at search (lib\\boyer-moore.js:117:17)\n    at search (lib\\boyer-moore.js:117:17)\n    at search (lib\\boyer-moore.js:117:17)\n    at search (lib\\boyer-moore.js:117:17)\n    at search (lib\\boyer-moore.js:117:17)\n    at search (lib\\boyer-moore.js:117:17)\n    at search (lib\\boyer-moore.js:117:17)\n    at search (lib\\boyer-moore.js:117:17)\n    at search (lib\\boyer-moore.js:117:17)\n    at search (lib\\boyer-moore.js:117:17)\n    at search (lib\\boyer-moore.js:117:17)\n    at search (lib\\boyer-moore.js:117:17)\n    at search (lib\\boyer-moore.js:117:17)\n    at search (lib\\boyer-moore.js:117:17)\n    at search (lib\\boyer-moore.js:117:17)\n    at search (lib\\boyer-moore.js:117:17)\n    at search (lib\\boyer-moore.js:117:17)\n    at search (lib\\boyer-moore.js:117:17)\n    at search (lib\\boyer-moore.js:117:17)\n    at search (lib\\boyer-moore.js:117:17)\n    at search (lib\\boyer-moore.js:117:17)\n    at search (lib\\boyer-moore.js:117:17)\n    at search (lib\\boyer-moore.js:117:17)\n    at search (lib\\boyer-moore.js:117:17)\n    at search (lib\\boyer-moore.js:117:17)\n    at search (lib\\boyer-moore.js:117:17)\n    at search (lib\\boyer-moore.js:117:17)\n    at search (lib\\boyer-moore.js:117:17)\n    at search (lib\\boyer-moore.js:117:17)\n    at search (lib\\boyer-moore.js:117:17)\n    at search (lib\\boyer-moore.js:117:17)\n    at search (lib\\boyer-moore.js:117:17)\n    at search (lib\\boyer-moore.js:117:17)\n    at search (lib\\boyer-moore.js:117:17)\n    at search (lib\\boyer-moore.js:117:17)\n    at search (lib\\boyer-moore.js:117:17)\n    at search (lib\\boyer-moore.js:117:17)\n    at search (lib\\boyer-moore.js:117:17)\n    at search (lib\\boyer-moore.js:117:17)\n    at boyerMoore (lib\\boyer-moore.js:126:5)\n    at replaceArrs.length.replaceArrs.forEach (lib\\replace.js:21:25)\n    at Array.forEach (<anonymous>)\n    at replace (lib\\replace.js:14:58)\n    at Context.<anonymous> (test\\replace.test.js:51:9)"
            },
            "isRoot": false,
            "uuid": "2a2339ef-b5b2-4c4b-aa45-5d390e6118b1",
            "isHook": false,
            "skipped": false
          }
        ],
        "suites": [],
        "passes": [],
        "failures": [
          "2a2339ef-b5b2-4c4b-aa45-5d390e6118b1"
        ],
        "pending": [],
        "skipped": [],
        "duration": 1647,
        "root": false,
        "rootEmpty": false,
        "_timeout": 2000
      }
    ],
    "passes": [],
    "failures": [],
    "pending": [],
    "skipped": [],
    "duration": 0,
    "root": true,
    "rootEmpty": true,
    "_timeout": 2000
  },
  "copyrightYear": 2018
}